k: 0
[[0. 0. 0. 0. 0. 0. 0. 0. 0. 0.]
 [0. 0. 0. 0. 0. 0. 0. 0. 0. 0.]
 [0. 0. 0. 0. 0. 0. 0. 0. 0. 0.]
 [0. 0. 0. 0. 0. 0. 0. 0. 0. 0.]
 [0. 0. 0. 0. 0. 0. 0. 0. 0. 0.]
 [0. 0. 0. 0. 0. 0. 0. 0. 0. 0.]
 [0. 0. 0. 0. 0. 0. 0. 0. 0. 0.]
 [0. 0. 0. 0. 0. 0. 0. 0. 0. 0.]
 [0. 0. 0. 0. 0. 0. 0. 0. 0. 0.]
 [0. 0. 0. 0. 0. 0. 0. 0. 0. 0.]]


k: 1
[[ 0. -1. -1. -1. -1. -1. -1. -1. -1. -1.]
 [-1. -1. -1. -1. -1. -1. -1. -1. -1. -1.]
 [-1. -1. -1. -1. -1. -1. -1. -1. -1. -1.]
 [-1. -1. -1. -1. -1. -1. -1. -1. -1. -1.]
 [-1. -1. -1. -1. -1.  0. -1. -1. -1. -1.]
 [-1. -1. -1. -1. -1. -1. -1. -1. -1. -1.]
 [-1.  0. -1.  0. -1. -1. -1.  0. -1.  0.]
 [-1. -1. -1. -1. -1. -1. -1. -1.  0. -1.]
 [-1. -1. -1. -1. -1. -1. -1. -1. -1. -1.]
 [-1. -1. -1.  0. -1. -1. -1.  0. -1. -1.]]


k: 2
[[ 0.  -1.  -1.5 -1.5 -1.5 -1.5 -1.5 -1.5 -1.5 -1.5]
 [-1.  -1.5 -1.5 -1.5 -1.5 -1.5 -1.5 -1.5 -1.5 -1.5]
 [-1.5 -1.5 -1.5 -1.5 -1.5 -1.5 -1.5 -1.5 -1.5 -1.5]
 [-1.5 -1.5 -1.5 -1.5 -1.5 -1.  -1.5 -1.5 -1.5 -1.5]
 [-1.5 -1.5 -1.5 -1.5 -1.   0.  -1.  -1.5 -1.5 -1.5]
 [-1.5 -1.  -1.5 -1.  -1.5 -1.  -1.5 -1.  -1.5 -1. ]
 [-1.   0.  -1.   0.  -1.  -1.5 -1.   0.  -1.   0. ]
 [-1.5 -1.  -1.5 -1.  -1.5 -1.5 -1.5 -1.   0.  -1. ]
 [-1.5 -1.5 -1.5 -1.  -1.5 -1.5 -1.5 -1.  -1.  -1.5]
 [-1.5 -1.5 -1.   0.  -1.  -1.5 -1.   0.  -1.  -1.5]]


k: 3
[[ 0.   -1.   -1.5  -1.75 -1.75 -1.75 -1.75 -1.75 -1.75 -1.75]
 [-1.   -1.5  -1.75 -1.75 -1.75 -1.75 -1.75 -1.75 -1.75 -1.75]
 [-1.5  -1.75 -1.75 -1.75 -1.75 -1.5  -1.75 -1.75 -1.75 -1.75]
 [-1.75 -1.75 -1.75 -1.75 -1.5  -1.   -1.5  -1.75 -1.75 -1.75]
 [-1.75 -1.5  -1.75 -1.5  -1.    0.   -1.   -1.5  -1.75 -1.5 ]
 [-1.5  -1.   -1.5  -1.   -1.5  -1.   -1.5  -1.   -1.5  -1.  ]
 [-1.    0.   -1.    0.   -1.   -1.5  -1.    0.   -1.    0.  ]
 [-1.5  -1.   -1.5  -1.   -1.5  -1.75 -1.5  -1.    0.   -1.  ]
 [-1.75 -1.5  -1.5  -1.   -1.5  -1.75 -1.5  -1.   -1.   -1.5 ]
 [-1.75 -1.5  -1.    0.   -1.   -1.5  -1.    0.   -1.   -1.5 ]]


k: 4
[[ 0.    -1.    -1.5   -1.75  -1.875 -1.875 -1.875 -1.875 -1.875 -1.875]
 [-1.    -1.5   -1.75  -1.875 -1.875 -1.75  -1.875 -1.875 -1.875 -1.875]
 [-1.5   -1.75  -1.875 -1.875 -1.75  -1.5   -1.75  -1.875 -1.875 -1.875]
 [-1.75  -1.75  -1.875 -1.75  -1.5   -1.    -1.5   -1.75  -1.875 -1.75 ]
 [-1.75  -1.5   -1.75  -1.5   -1.     0.    -1.    -1.5   -1.75  -1.5  ]
 [-1.5   -1.    -1.5   -1.    -1.5   -1.    -1.5   -1.    -1.5   -1.   ]
 [-1.     0.    -1.     0.    -1.    -1.5   -1.     0.    -1.     0.   ]
 [-1.5   -1.    -1.5   -1.    -1.5   -1.75  -1.5   -1.     0.    -1.   ]
 [-1.75  -1.5   -1.5   -1.    -1.5   -1.75  -1.5   -1.    -1.    -1.5  ]
 [-1.75  -1.5   -1.     0.    -1.    -1.5   -1.     0.    -1.    -1.5  ]]


k: 5
[[ 0.     -1.     -1.5    -1.75   -1.875  -1.875  -1.9375 -1.9375 -1.9375
  -1.9375]
 [-1.     -1.5    -1.75   -1.875  -1.875  -1.75   -1.875  -1.9375 -1.9375
  -1.9375]
 [-1.5    -1.75   -1.875  -1.875  -1.75   -1.5    -1.75   -1.875  -1.9375
  -1.875 ]
 [-1.75   -1.75   -1.875  -1.75   -1.5    -1.     -1.5    -1.75   -1.875
  -1.75  ]
 [-1.75   -1.5    -1.75   -1.5    -1.      0.     -1.     -1.5    -1.75
  -1.5   ]
 [-1.5    -1.     -1.5    -1.     -1.5    -1.     -1.5    -1.     -1.5
  -1.    ]
 [-1.      0.     -1.      0.     -1.     -1.5    -1.      0.     -1.
   0.    ]
 [-1.5    -1.     -1.5    -1.     -1.5    -1.75   -1.5    -1.      0.
  -1.    ]
 [-1.75   -1.5    -1.5    -1.     -1.5    -1.75   -1.5    -1.     -1.
  -1.5   ]
 [-1.75   -1.5    -1.      0.     -1.     -1.5    -1.      0.     -1.
  -1.5   ]]


k: 6
[[ 0.      -1.      -1.5     -1.75    -1.875   -1.875   -1.9375  -1.96875
  -1.96875 -1.96875]
 [-1.      -1.5     -1.75    -1.875   -1.875   -1.75    -1.875   -1.9375
  -1.96875 -1.9375 ]
 [-1.5     -1.75    -1.875   -1.875   -1.75    -1.5     -1.75    -1.875
  -1.9375  -1.875  ]
 [-1.75    -1.75    -1.875   -1.75    -1.5     -1.      -1.5     -1.75
  -1.875   -1.75   ]
 [-1.75    -1.5     -1.75    -1.5     -1.       0.      -1.      -1.5
  -1.75    -1.5    ]
 [-1.5     -1.      -1.5     -1.      -1.5     -1.      -1.5     -1.
  -1.5     -1.     ]
 [-1.       0.      -1.       0.      -1.      -1.5     -1.       0.
  -1.       0.     ]
 [-1.5     -1.      -1.5     -1.      -1.5     -1.75    -1.5     -1.
   0.      -1.     ]
 [-1.75    -1.5     -1.5     -1.      -1.5     -1.75    -1.5     -1.
  -1.      -1.5    ]
 [-1.75    -1.5     -1.       0.      -1.      -1.5     -1.       0.
  -1.      -1.5    ]]


k: 7
[[ 0.       -1.       -1.5      -1.75     -1.875    -1.875    -1.9375
  -1.96875  -1.984375 -1.96875 ]
 [-1.       -1.5      -1.75     -1.875    -1.875    -1.75     -1.875
  -1.9375   -1.96875  -1.9375  ]
 [-1.5      -1.75     -1.875    -1.875    -1.75     -1.5      -1.75
  -1.875    -1.9375   -1.875   ]
 [-1.75     -1.75     -1.875    -1.75     -1.5      -1.       -1.5
  -1.75     -1.875    -1.75    ]
 [-1.75     -1.5      -1.75     -1.5      -1.        0.       -1.
  -1.5      -1.75     -1.5     ]
 [-1.5      -1.       -1.5      -1.       -1.5      -1.       -1.5
  -1.       -1.5      -1.      ]
 [-1.        0.       -1.        0.       -1.       -1.5      -1.
   0.       -1.        0.      ]
 [-1.5      -1.       -1.5      -1.       -1.5      -1.75     -1.5
  -1.        0.       -1.      ]
 [-1.75     -1.5      -1.5      -1.       -1.5      -1.75     -1.5
  -1.       -1.       -1.5     ]
 [-1.75     -1.5      -1.        0.       -1.       -1.5      -1.
   0.       -1.       -1.5     ]]


k: 8
[[ 0.       -1.       -1.5      -1.75     -1.875    -1.875    -1.9375
  -1.96875  -1.984375 -1.96875 ]
 [-1.       -1.5      -1.75     -1.875    -1.875    -1.75     -1.875
  -1.9375   -1.96875  -1.9375  ]
 [-1.5      -1.75     -1.875    -1.875    -1.75     -1.5      -1.75
  -1.875    -1.9375   -1.875   ]
 [-1.75     -1.75     -1.875    -1.75     -1.5      -1.       -1.5
  -1.75     -1.875    -1.75    ]
 [-1.75     -1.5      -1.75     -1.5      -1.        0.       -1.
  -1.5      -1.75     -1.5     ]
 [-1.5      -1.       -1.5      -1.       -1.5      -1.       -1.5
  -1.       -1.5      -1.      ]
 [-1.        0.       -1.        0.       -1.       -1.5      -1.
   0.       -1.        0.      ]
 [-1.5      -1.       -1.5      -1.       -1.5      -1.75     -1.5
  -1.        0.       -1.      ]
 [-1.75     -1.5      -1.5      -1.       -1.5      -1.75     -1.5
  -1.       -1.       -1.5     ]
 [-1.75     -1.5      -1.        0.       -1.       -1.5      -1.
   0.       -1.       -1.5     ]]

Converged.

[1, 1] -> [0, 1] -> [0, 0] 

k: 0
[[0. 0. 0. 0. 0. 0. 0. 0. 0. 0.]
 [0. 0. 0. 0. 0. 0. 0. 0. 0. 0.]
 [0. 0. 0. 0. 0. 0. 0. 0. 0. 0.]
 [0. 0. 0. 0. 0. 0. 0. 0. 0. 0.]
 [0. 0. 0. 0. 0. 0. 0. 0. 0. 0.]
 [0. 0. 0. 0. 0. 0. 0. 0. 0. 0.]
 [0. 0. 0. 0. 0. 0. 0. 0. 0. 0.]
 [0. 0. 0. 0. 0. 0. 0. 0. 0. 0.]
 [0. 0. 0. 0. 0. 0. 0. 0. 0. 0.]
 [0. 0. 0. 0. 0. 0. 0. 0. 0. 0.]]


k: 1
[[-1. -1. -1. -1. -1. -1. -1. -1. -1. -1.]
 [-1. -1. -1. -1. -1. -1. -1. -1. -1. -1.]
 [-1. -1. -1. -1. -1. -1. -1. -1. -1. -1.]
 [-1. -1. -1. -1. -1. -1. -1. -1. -1. -1.]
 [-1. -1. -1. -1. -1.  0. -1. -1. -1. -1.]
 [-1. -1. -1. -1. -1. -1. -1. -1. -1. -1.]
 [-1.  0. -1.  0. -1. -1. -1.  0. -1.  0.]
 [-1. -1. -1. -1. -1. -1. -1. -1.  0. -1.]
 [-1. -1. -1. -1. -1. -1. -1. -1. -1. -1.]
 [-1. -1. -1.  0. -1. -1. -1.  0. -1. -1.]]


k: 2
[[-1.5 -1.5 -1.5 -1.5 -1.5 -1.5 -1.5 -1.5 -1.5 -1.5]
 [-1.5 -1.5 -1.5 -1.5 -1.5 -1.5 -1.5 -1.5 -1.5 -1.5]
 [-1.5 -1.5 -1.5 -1.5 -1.5 -1.5 -1.5 -1.5 -1.5 -1.5]
 [-1.5 -1.5 -1.5 -1.5 -1.5 -1.  -1.5 -1.5 -1.5 -1.5]
 [-1.5 -1.5 -1.5 -1.5 -1.   0.  -1.  -1.5 -1.5 -1.5]
 [-1.5 -1.  -1.5 -1.  -1.5 -1.  -1.5 -1.  -1.5 -1. ]
 [-1.   0.  -1.   0.  -1.  -1.5 -1.   0.  -1.   0. ]
 [-1.5 -1.  -1.5 -1.  -1.5 -1.5 -1.5 -1.   0.  -1. ]
 [-1.5 -1.5 -1.5 -1.  -1.5 -1.5 -1.5 -1.  -1.  -1.5]
 [-1.5 -1.5 -1.   0.  -1.  -1.5 -1.   0.  -1.  -1.5]]


k: 3
[[-1.75 -1.75 -1.75 -1.75 -1.75 -1.75 -1.75 -1.75 -1.75 -1.75]
 [-1.75 -1.75 -1.75 -1.75 -1.75 -1.75 -1.75 -1.75 -1.75 -1.75]
 [-1.75 -1.75 -1.75 -1.75 -1.75 -1.5  -1.75 -1.75 -1.75 -1.75]
 [-1.75 -1.75 -1.75 -1.75 -1.5  -1.   -1.5  -1.75 -1.75 -1.75]
 [-1.75 -1.5  -1.75 -1.5  -1.    0.   -1.   -1.5  -1.75 -1.5 ]
 [-1.5  -1.   -1.5  -1.   -1.5  -1.   -1.5  -1.   -1.5  -1.  ]
 [-1.    0.   -1.    0.   -1.   -1.5  -1.    0.   -1.    0.  ]
 [-1.5  -1.   -1.5  -1.   -1.5  -1.75 -1.5  -1.    0.   -1.  ]
 [-1.75 -1.5  -1.5  -1.   -1.5  -1.75 -1.5  -1.   -1.   -1.5 ]
 [-1.75 -1.5  -1.    0.   -1.   -1.5  -1.    0.   -1.   -1.5 ]]


k: 4
[[-1.875 -1.875 -1.875 -1.875 -1.875 -1.875 -1.875 -1.875 -1.875 -1.875]
 [-1.875 -1.875 -1.875 -1.875 -1.875 -1.75  -1.875 -1.875 -1.875 -1.875]
 [-1.875 -1.875 -1.875 -1.875 -1.75  -1.5   -1.75  -1.875 -1.875 -1.875]
 [-1.875 -1.75  -1.875 -1.75  -1.5   -1.    -1.5   -1.75  -1.875 -1.75 ]
 [-1.75  -1.5   -1.75  -1.5   -1.     0.    -1.    -1.5   -1.75  -1.5  ]
 [-1.5   -1.    -1.5   -1.    -1.5   -1.    -1.5   -1.    -1.5   -1.   ]
 [-1.     0.    -1.     0.    -1.    -1.5   -1.     0.    -1.     0.   ]
 [-1.5   -1.    -1.5   -1.    -1.5   -1.75  -1.5   -1.     0.    -1.   ]
 [-1.75  -1.5   -1.5   -1.    -1.5   -1.75  -1.5   -1.    -1.    -1.5  ]
 [-1.75  -1.5   -1.     0.    -1.    -1.5   -1.     0.    -1.    -1.5  ]]


k: 5
[[-1.9375 -1.9375 -1.9375 -1.9375 -1.9375 -1.875  -1.9375 -1.9375 -1.9375
  -1.9375]
 [-1.9375 -1.9375 -1.9375 -1.9375 -1.875  -1.75   -1.875  -1.9375 -1.9375
  -1.9375]
 [-1.9375 -1.875  -1.9375 -1.875  -1.75   -1.5    -1.75   -1.875  -1.9375
  -1.875 ]
 [-1.875  -1.75   -1.875  -1.75   -1.5    -1.     -1.5    -1.75   -1.875
  -1.75  ]
 [-1.75   -1.5    -1.75   -1.5    -1.      0.     -1.     -1.5    -1.75
  -1.5   ]
 [-1.5    -1.     -1.5    -1.     -1.5    -1.     -1.5    -1.     -1.5
  -1.    ]
 [-1.      0.     -1.      0.     -1.     -1.5    -1.      0.     -1.
   0.    ]
 [-1.5    -1.     -1.5    -1.     -1.5    -1.75   -1.5    -1.      0.
  -1.    ]
 [-1.75   -1.5    -1.5    -1.     -1.5    -1.75   -1.5    -1.     -1.
  -1.5   ]
 [-1.75   -1.5    -1.      0.     -1.     -1.5    -1.      0.     -1.
  -1.5   ]]


k: 6
[[-1.96875 -1.96875 -1.96875 -1.96875 -1.9375  -1.875   -1.9375  -1.96875
  -1.96875 -1.96875]
 [-1.96875 -1.9375  -1.96875 -1.9375  -1.875   -1.75    -1.875   -1.9375
  -1.96875 -1.9375 ]
 [-1.9375  -1.875   -1.9375  -1.875   -1.75    -1.5     -1.75    -1.875
  -1.9375  -1.875  ]
 [-1.875   -1.75    -1.875   -1.75    -1.5     -1.      -1.5     -1.75
  -1.875   -1.75   ]
 [-1.75    -1.5     -1.75    -1.5     -1.       0.      -1.      -1.5
  -1.75    -1.5    ]
 [-1.5     -1.      -1.5     -1.      -1.5     -1.      -1.5     -1.
  -1.5     -1.     ]
 [-1.       0.      -1.       0.      -1.      -1.5     -1.       0.
  -1.       0.     ]
 [-1.5     -1.      -1.5     -1.      -1.5     -1.75    -1.5     -1.
   0.      -1.     ]
 [-1.75    -1.5     -1.5     -1.      -1.5     -1.75    -1.5     -1.
  -1.      -1.5    ]
 [-1.75    -1.5     -1.       0.      -1.      -1.5     -1.       0.
  -1.      -1.5    ]]


k: 7
[[-1.984375 -1.96875  -1.984375 -1.96875  -1.9375   -1.875    -1.9375
  -1.96875  -1.984375 -1.96875 ]
 [-1.96875  -1.9375   -1.96875  -1.9375   -1.875    -1.75     -1.875
  -1.9375   -1.96875  -1.9375  ]
 [-1.9375   -1.875    -1.9375   -1.875    -1.75     -1.5      -1.75
  -1.875    -1.9375   -1.875   ]
 [-1.875    -1.75     -1.875    -1.75     -1.5      -1.       -1.5
  -1.75     -1.875    -1.75    ]
 [-1.75     -1.5      -1.75     -1.5      -1.        0.       -1.
  -1.5      -1.75     -1.5     ]
 [-1.5      -1.       -1.5      -1.       -1.5      -1.       -1.5
  -1.       -1.5      -1.      ]
 [-1.        0.       -1.        0.       -1.       -1.5      -1.
   0.       -1.        0.      ]
 [-1.5      -1.       -1.5      -1.       -1.5      -1.75     -1.5
  -1.        0.       -1.      ]
 [-1.75     -1.5      -1.5      -1.       -1.5      -1.75     -1.5
  -1.       -1.       -1.5     ]
 [-1.75     -1.5      -1.        0.       -1.       -1.5      -1.
   0.       -1.       -1.5     ]]


k: 8
[[-1.984375 -1.96875  -1.984375 -1.96875  -1.9375   -1.875    -1.9375
  -1.96875  -1.984375 -1.96875 ]
 [-1.96875  -1.9375   -1.96875  -1.9375   -1.875    -1.75     -1.875
  -1.9375   -1.96875  -1.9375  ]
 [-1.9375   -1.875    -1.9375   -1.875    -1.75     -1.5      -1.75
  -1.875    -1.9375   -1.875   ]
 [-1.875    -1.75     -1.875    -1.75     -1.5      -1.       -1.5
  -1.75     -1.875    -1.75    ]
 [-1.75     -1.5      -1.75     -1.5      -1.        0.       -1.
  -1.5      -1.75     -1.5     ]
 [-1.5      -1.       -1.5      -1.       -1.5      -1.       -1.5
  -1.       -1.5      -1.      ]
 [-1.        0.       -1.        0.       -1.       -1.5      -1.
   0.       -1.        0.      ]
 [-1.5      -1.       -1.5      -1.       -1.5      -1.75     -1.5
  -1.        0.       -1.      ]
 [-1.75     -1.5      -1.5      -1.       -1.5      -1.75     -1.5
  -1.       -1.       -1.5     ]
 [-1.75     -1.5      -1.        0.       -1.       -1.5      -1.
   0.       -1.       -1.5     ]]

Converged.

[0, 0] -> [1, 0] -> [2, 0] -> [3, 0] -> [4, 0] -> [5, 0] -> [6, 0] -> [6, 1] 

k: 0
[[0. 0. 0. 0. 0. 0. 0. 0. 0. 0.]
 [0. 0. 0. 0. 0. 0. 0. 0. 0. 0.]
 [0. 0. 0. 0. 0. 0. 0. 0. 0. 0.]
 [0. 0. 0. 0. 0. 0. 0. 0. 0. 0.]
 [0. 0. 0. 0. 0. 0. 0. 0. 0. 0.]
 [0. 0. 0. 0. 0. 0. 0. 0. 0. 0.]
 [0. 0. 0. 0. 0. 0. 0. 0. 0. 0.]
 [0. 0. 0. 0. 0. 0. 0. 0. 0. 0.]
 [0. 0. 0. 0. 0. 0. 0. 0. 0. 0.]
 [0. 0. 0. 0. 0. 0. 0. 0. 0. 0.]]


k: 1
[[-1. -1. -1. -1. -1. -1. -1. -1. -1. -1.]
 [-1. -1. -1. -1. -1. -1. -1. -1. -1. -1.]
 [-1. -1. -1. -1. -1. -1. -1. -1. -1. -1.]
 [-1. -1. -1. -1. -1. -1. -1. -1. -1. -1.]
 [-1. -1. -1. -1. -1.  0. -1. -1. -1. -1.]
 [-1. -1. -1. -1. -1. -1. -1. -1. -1. -1.]
 [-1. -1. -1.  0. -1. -1. -1.  0. -1.  0.]
 [-1. -1. -1. -1. -1. -1. -1. -1.  0. -1.]
 [-1. -1. -1. -1. -1. -1. -1. -1. -1. -1.]
 [-1. -1. -1.  0. -1. -1. -1.  0. -1. -1.]]


k: 2
[[-1.5 -1.5 -1.5 -1.5 -1.5 -1.5 -1.5 -1.5 -1.5 -1.5]
 [-1.5 -1.5 -1.5 -1.5 -1.5 -1.5 -1.5 -1.5 -1.5 -1.5]
 [-1.5 -1.5 -1.5 -1.5 -1.5 -1.5 -1.5 -1.5 -1.5 -1.5]
 [-1.5 -1.5 -1.5 -1.5 -1.5 -1.  -1.5 -1.5 -1.5 -1.5]
 [-1.5 -1.5 -1.5 -1.5 -1.   0.  -1.  -1.5 -1.5 -1.5]
 [-1.5 -1.5 -1.5 -1.  -1.5 -1.  -1.5 -1.  -1.5 -1. ]
 [-1.5 -1.5 -1.   0.  -1.  -1.5 -1.   0.  -1.   0. ]
 [-1.5 -1.5 -1.5 -1.  -1.5 -1.5 -1.5 -1.   0.  -1. ]
 [-1.5 -1.5 -1.5 -1.  -1.5 -1.5 -1.5 -1.  -1.  -1.5]
 [-1.5 -1.5 -1.   0.  -1.  -1.5 -1.   0.  -1.  -1.5]]


k: 3
[[-1.75 -1.75 -1.75 -1.75 -1.75 -1.75 -1.75 -1.75 -1.75 -1.75]
 [-1.75 -1.75 -1.75 -1.75 -1.75 -1.75 -1.75 -1.75 -1.75 -1.75]
 [-1.75 -1.75 -1.75 -1.75 -1.75 -1.5  -1.75 -1.75 -1.75 -1.75]
 [-1.75 -1.75 -1.75 -1.75 -1.5  -1.   -1.5  -1.75 -1.75 -1.75]
 [-1.75 -1.75 -1.75 -1.5  -1.    0.   -1.   -1.5  -1.75 -1.5 ]
 [-1.75 -1.75 -1.5  -1.   -1.5  -1.   -1.5  -1.   -1.5  -1.  ]
 [-1.75 -1.5  -1.    0.   -1.   -1.5  -1.    0.   -1.    0.  ]
 [-1.75 -1.75 -1.5  -1.   -1.5  -1.75 -1.5  -1.    0.   -1.  ]
 [-1.75 -1.75 -1.5  -1.   -1.5  -1.75 -1.5  -1.   -1.   -1.5 ]
 [-1.75 -1.5  -1.    0.   -1.   -1.5  -1.    0.   -1.   -1.5 ]]


k: 4
[[-1.875 -1.875 -1.875 -1.875 -1.875 -1.875 -1.875 -1.875 -1.875 -1.875]
 [-1.875 -1.875 -1.875 -1.875 -1.875 -1.75  -1.875 -1.875 -1.875 -1.875]
 [-1.875 -1.875 -1.875 -1.875 -1.75  -1.5   -1.75  -1.875 -1.875 -1.875]
 [-1.875 -1.875 -1.875 -1.75  -1.5   -1.    -1.5   -1.75  -1.875 -1.75 ]
 [-1.875 -1.875 -1.75  -1.5   -1.     0.    -1.    -1.5   -1.75  -1.5  ]
 [-1.875 -1.75  -1.5   -1.    -1.5   -1.    -1.5   -1.    -1.5   -1.   ]
 [-1.75  -1.5   -1.     0.    -1.    -1.5   -1.     0.    -1.     0.   ]
 [-1.875 -1.75  -1.5   -1.    -1.5   -1.75  -1.5   -1.     0.    -1.   ]
 [-1.875 -1.75  -1.5   -1.    -1.5   -1.75  -1.5   -1.    -1.    -1.5  ]
 [-1.75  -1.5   -1.     0.    -1.    -1.5   -1.     0.    -1.    -1.5  ]]


k: 5
[[-1.9375 -1.9375 -1.9375 -1.9375 -1.9375 -1.875  -1.9375 -1.9375 -1.9375
  -1.9375]
 [-1.9375 -1.9375 -1.9375 -1.9375 -1.875  -1.75   -1.875  -1.9375 -1.9375
  -1.9375]
 [-1.9375 -1.9375 -1.9375 -1.875  -1.75   -1.5    -1.75   -1.875  -1.9375
  -1.875 ]
 [-1.9375 -1.9375 -1.875  -1.75   -1.5    -1.     -1.5    -1.75   -1.875
  -1.75  ]
 [-1.9375 -1.875  -1.75   -1.5    -1.      0.     -1.     -1.5    -1.75
  -1.5   ]
 [-1.875  -1.75   -1.5    -1.     -1.5    -1.     -1.5    -1.     -1.5
  -1.    ]
 [-1.75   -1.5    -1.      0.     -1.     -1.5    -1.      0.     -1.
   0.    ]
 [-1.875  -1.75   -1.5    -1.     -1.5    -1.75   -1.5    -1.      0.
  -1.    ]
 [-1.875  -1.75   -1.5    -1.     -1.5    -1.75   -1.5    -1.     -1.
  -1.5   ]
 [-1.75   -1.5    -1.      0.     -1.     -1.5    -1.      0.     -1.
  -1.5   ]]


k: 6
[[-1.96875 -1.96875 -1.96875 -1.96875 -1.9375  -1.875   -1.9375  -1.96875
  -1.96875 -1.96875]
 [-1.96875 -1.96875 -1.96875 -1.9375  -1.875   -1.75    -1.875   -1.9375
  -1.96875 -1.9375 ]
 [-1.96875 -1.96875 -1.9375  -1.875   -1.75    -1.5     -1.75    -1.875
  -1.9375  -1.875  ]
 [-1.96875 -1.9375  -1.875   -1.75    -1.5     -1.      -1.5     -1.75
  -1.875   -1.75   ]
 [-1.9375  -1.875   -1.75    -1.5     -1.       0.      -1.      -1.5
  -1.75    -1.5    ]
 [-1.875   -1.75    -1.5     -1.      -1.5     -1.      -1.5     -1.
  -1.5     -1.     ]
 [-1.75    -1.5     -1.       0.      -1.      -1.5     -1.       0.
  -1.       0.     ]
 [-1.875   -1.75    -1.5     -1.      -1.5     -1.75    -1.5     -1.
   0.      -1.     ]
 [-1.875   -1.75    -1.5     -1.      -1.5     -1.75    -1.5     -1.
  -1.      -1.5    ]
 [-1.75    -1.5     -1.       0.      -1.      -1.5     -1.       0.
  -1.      -1.5    ]]


k: 7
[[-1.984375 -1.984375 -1.984375 -1.96875  -1.9375   -1.875    -1.9375
  -1.96875  -1.984375 -1.96875 ]
 [-1.984375 -1.984375 -1.96875  -1.9375   -1.875    -1.75     -1.875
  -1.9375   -1.96875  -1.9375  ]
 [-1.984375 -1.96875  -1.9375   -1.875    -1.75     -1.5      -1.75
  -1.875    -1.9375   -1.875   ]
 [-1.96875  -1.9375   -1.875    -1.75     -1.5      -1.       -1.5
  -1.75     -1.875    -1.75    ]
 [-1.9375   -1.875    -1.75     -1.5      -1.        0.       -1.
  -1.5      -1.75     -1.5     ]
 [-1.875    -1.75     -1.5      -1.       -1.5      -1.       -1.5
  -1.       -1.5      -1.      ]
 [-1.75     -1.5      -1.        0.       -1.       -1.5      -1.
   0.       -1.        0.      ]
 [-1.875    -1.75     -1.5      -1.       -1.5      -1.75     -1.5
  -1.        0.       -1.      ]
 [-1.875    -1.75     -1.5      -1.       -1.5      -1.75     -1.5
  -1.       -1.       -1.5     ]
 [-1.75     -1.5      -1.        0.       -1.       -1.5      -1.
   0.       -1.       -1.5     ]]


k: 8
[[-1.9921875 -1.9921875 -1.984375  -1.96875   -1.9375    -1.875
  -1.9375    -1.96875   -1.984375  -1.96875  ]
 [-1.9921875 -1.984375  -1.96875   -1.9375    -1.875     -1.75
  -1.875     -1.9375    -1.96875   -1.9375   ]
 [-1.984375  -1.96875   -1.9375    -1.875     -1.75      -1.5
  -1.75      -1.875     -1.9375    -1.875    ]
 [-1.96875   -1.9375    -1.875     -1.75      -1.5       -1.
  -1.5       -1.75      -1.875     -1.75     ]
 [-1.9375    -1.875     -1.75      -1.5       -1.         0.
  -1.        -1.5       -1.75      -1.5      ]
 [-1.875     -1.75      -1.5       -1.        -1.5       -1.
  -1.5       -1.        -1.5       -1.       ]
 [-1.75      -1.5       -1.         0.        -1.        -1.5
  -1.         0.        -1.         0.       ]
 [-1.875     -1.75      -1.5       -1.        -1.5       -1.75
  -1.5       -1.         0.        -1.       ]
 [-1.875     -1.75      -1.5       -1.        -1.5       -1.75
  -1.5       -1.        -1.        -1.5      ]
 [-1.75      -1.5       -1.         0.        -1.        -1.5
  -1.         0.        -1.        -1.5      ]]


k: 9
[[-1.99609375 -1.9921875  -1.984375   -1.96875    -1.9375     -1.875
  -1.9375     -1.96875    -1.984375   -1.96875   ]
 [-1.9921875  -1.984375   -1.96875    -1.9375     -1.875      -1.75
  -1.875      -1.9375     -1.96875    -1.9375    ]
 [-1.984375   -1.96875    -1.9375     -1.875      -1.75       -1.5
  -1.75       -1.875      -1.9375     -1.875     ]
 [-1.96875    -1.9375     -1.875      -1.75       -1.5        -1.
  -1.5        -1.75       -1.875      -1.75      ]
 [-1.9375     -1.875      -1.75       -1.5        -1.          0.
  -1.         -1.5        -1.75       -1.5       ]
 [-1.875      -1.75       -1.5        -1.         -1.5        -1.
  -1.5        -1.         -1.5        -1.        ]
 [-1.75       -1.5        -1.          0.         -1.         -1.5
  -1.          0.         -1.          0.        ]
 [-1.875      -1.75       -1.5        -1.         -1.5        -1.75
  -1.5        -1.          0.         -1.        ]
 [-1.875      -1.75       -1.5        -1.         -1.5        -1.75
  -1.5        -1.         -1.         -1.5       ]
 [-1.75       -1.5        -1.          0.         -1.         -1.5
  -1.          0.         -1.         -1.5       ]]


k: 10
[[-1.99609375 -1.9921875  -1.984375   -1.96875    -1.9375     -1.875
  -1.9375     -1.96875    -1.984375   -1.96875   ]
 [-1.9921875  -1.984375   -1.96875    -1.9375     -1.875      -1.75
  -1.875      -1.9375     -1.96875    -1.9375    ]
 [-1.984375   -1.96875    -1.9375     -1.875      -1.75       -1.5
  -1.75       -1.875      -1.9375     -1.875     ]
 [-1.96875    -1.9375     -1.875      -1.75       -1.5        -1.
  -1.5        -1.75       -1.875      -1.75      ]
 [-1.9375     -1.875      -1.75       -1.5        -1.          0.
  -1.         -1.5        -1.75       -1.5       ]
 [-1.875      -1.75       -1.5        -1.         -1.5        -1.
  -1.5        -1.         -1.5        -1.        ]
 [-1.75       -1.5        -1.          0.         -1.         -1.5
  -1.          0.         -1.          0.        ]
 [-1.875      -1.75       -1.5        -1.         -1.5        -1.75
  -1.5        -1.          0.         -1.        ]
 [-1.875      -1.75       -1.5        -1.         -1.5        -1.75
  -1.5        -1.         -1.         -1.5       ]
 [-1.75       -1.5        -1.          0.         -1.         -1.5
  -1.          0.         -1.         -1.5       ]]

Converged.

[6, 1] -> [6, 2] -> [6, 3] 

k: 0
[[0. 0. 0. 0. 0. 0. 0. 0. 0. 0.]
 [0. 0. 0. 0. 0. 0. 0. 0. 0. 0.]
 [0. 0. 0. 0. 0. 0. 0. 0. 0. 0.]
 [0. 0. 0. 0. 0. 0. 0. 0. 0. 0.]
 [0. 0. 0. 0. 0. 0. 0. 0. 0. 0.]
 [0. 0. 0. 0. 0. 0. 0. 0. 0. 0.]
 [0. 0. 0. 0. 0. 0. 0. 0. 0. 0.]
 [0. 0. 0. 0. 0. 0. 0. 0. 0. 0.]
 [0. 0. 0. 0. 0. 0. 0. 0. 0. 0.]
 [0. 0. 0. 0. 0. 0. 0. 0. 0. 0.]]


k: 1
[[-1. -1. -1. -1. -1. -1. -1. -1. -1. -1.]
 [-1. -1. -1. -1. -1. -1. -1. -1. -1. -1.]
 [-1. -1. -1. -1. -1. -1. -1. -1. -1. -1.]
 [-1. -1. -1. -1. -1. -1. -1. -1. -1. -1.]
 [-1. -1. -1. -1. -1.  0. -1. -1. -1. -1.]
 [-1. -1. -1. -1. -1. -1. -1. -1. -1. -1.]
 [-1. -1. -1. -1. -1. -1. -1.  0. -1.  0.]
 [-1. -1. -1. -1. -1. -1. -1. -1.  0. -1.]
 [-1. -1. -1. -1. -1. -1. -1. -1. -1. -1.]
 [-1. -1. -1.  0. -1. -1. -1.  0. -1. -1.]]


k: 2
[[-1.5 -1.5 -1.5 -1.5 -1.5 -1.5 -1.5 -1.5 -1.5 -1.5]
 [-1.5 -1.5 -1.5 -1.5 -1.5 -1.5 -1.5 -1.5 -1.5 -1.5]
 [-1.5 -1.5 -1.5 -1.5 -1.5 -1.5 -1.5 -1.5 -1.5 -1.5]
 [-1.5 -1.5 -1.5 -1.5 -1.5 -1.  -1.5 -1.5 -1.5 -1.5]
 [-1.5 -1.5 -1.5 -1.5 -1.   0.  -1.  -1.5 -1.5 -1.5]
 [-1.5 -1.5 -1.5 -1.5 -1.5 -1.  -1.5 -1.  -1.5 -1. ]
 [-1.5 -1.5 -1.5 -1.5 -1.5 -1.5 -1.   0.  -1.   0. ]
 [-1.5 -1.5 -1.5 -1.5 -1.5 -1.5 -1.5 -1.   0.  -1. ]
 [-1.5 -1.5 -1.5 -1.  -1.5 -1.5 -1.5 -1.  -1.  -1.5]
 [-1.5 -1.5 -1.   0.  -1.  -1.5 -1.   0.  -1.  -1.5]]


k: 3
[[-1.75 -1.75 -1.75 -1.75 -1.75 -1.75 -1.75 -1.75 -1.75 -1.75]
 [-1.75 -1.75 -1.75 -1.75 -1.75 -1.75 -1.75 -1.75 -1.75 -1.75]
 [-1.75 -1.75 -1.75 -1.75 -1.75 -1.5  -1.75 -1.75 -1.75 -1.75]
 [-1.75 -1.75 -1.75 -1.75 -1.5  -1.   -1.5  -1.75 -1.75 -1.75]
 [-1.75 -1.75 -1.75 -1.5  -1.    0.   -1.   -1.5  -1.75 -1.5 ]
 [-1.75 -1.75 -1.75 -1.75 -1.5  -1.   -1.5  -1.   -1.5  -1.  ]
 [-1.75 -1.75 -1.75 -1.75 -1.75 -1.5  -1.    0.   -1.    0.  ]
 [-1.75 -1.75 -1.75 -1.5  -1.75 -1.75 -1.5  -1.    0.   -1.  ]
 [-1.75 -1.75 -1.5  -1.   -1.5  -1.75 -1.5  -1.   -1.   -1.5 ]
 [-1.75 -1.5  -1.    0.   -1.   -1.5  -1.    0.   -1.   -1.5 ]]


k: 4
[[-1.875 -1.875 -1.875 -1.875 -1.875 -1.875 -1.875 -1.875 -1.875 -1.875]
 [-1.875 -1.875 -1.875 -1.875 -1.875 -1.75  -1.875 -1.875 -1.875 -1.875]
 [-1.875 -1.875 -1.875 -1.875 -1.75  -1.5   -1.75  -1.875 -1.875 -1.875]
 [-1.875 -1.875 -1.875 -1.75  -1.5   -1.    -1.5   -1.75  -1.875 -1.75 ]
 [-1.875 -1.875 -1.75  -1.5   -1.     0.    -1.    -1.5   -1.75  -1.5  ]
 [-1.875 -1.875 -1.875 -1.75  -1.5   -1.    -1.5   -1.    -1.5   -1.   ]
 [-1.875 -1.875 -1.875 -1.75  -1.75  -1.5   -1.     0.    -1.     0.   ]
 [-1.875 -1.875 -1.75  -1.5   -1.75  -1.75  -1.5   -1.     0.    -1.   ]
 [-1.875 -1.75  -1.5   -1.    -1.5   -1.75  -1.5   -1.    -1.    -1.5  ]
 [-1.75  -1.5   -1.     0.    -1.    -1.5   -1.     0.    -1.    -1.5  ]]


k: 5
[[-1.9375 -1.9375 -1.9375 -1.9375 -1.9375 -1.875  -1.9375 -1.9375 -1.9375
  -1.9375]
 [-1.9375 -1.9375 -1.9375 -1.9375 -1.875  -1.75   -1.875  -1.9375 -1.9375
  -1.9375]
 [-1.9375 -1.9375 -1.9375 -1.875  -1.75   -1.5    -1.75   -1.875  -1.9375
  -1.875 ]
 [-1.9375 -1.9375 -1.875  -1.75   -1.5    -1.     -1.5    -1.75   -1.875
  -1.75  ]
 [-1.9375 -1.875  -1.75   -1.5    -1.      0.     -1.     -1.5    -1.75
  -1.5   ]
 [-1.9375 -1.9375 -1.875  -1.75   -1.5    -1.     -1.5    -1.     -1.5
  -1.    ]
 [-1.9375 -1.9375 -1.875  -1.75   -1.75   -1.5    -1.      0.     -1.
   0.    ]
 [-1.9375 -1.875  -1.75   -1.5    -1.75   -1.75   -1.5    -1.      0.
  -1.    ]
 [-1.875  -1.75   -1.5    -1.     -1.5    -1.75   -1.5    -1.     -1.
  -1.5   ]
 [-1.75   -1.5    -1.      0.     -1.     -1.5    -1.      0.     -1.
  -1.5   ]]


k: 6
[[-1.96875 -1.96875 -1.96875 -1.96875 -1.9375  -1.875   -1.9375  -1.96875
  -1.96875 -1.96875]
 [-1.96875 -1.96875 -1.96875 -1.9375  -1.875   -1.75    -1.875   -1.9375
  -1.96875 -1.9375 ]
 [-1.96875 -1.96875 -1.9375  -1.875   -1.75    -1.5     -1.75    -1.875
  -1.9375  -1.875  ]
 [-1.96875 -1.9375  -1.875   -1.75    -1.5     -1.      -1.5     -1.75
  -1.875   -1.75   ]
 [-1.9375  -1.875   -1.75    -1.5     -1.       0.      -1.      -1.5
  -1.75    -1.5    ]
 [-1.96875 -1.9375  -1.875   -1.75    -1.5     -1.      -1.5     -1.
  -1.5     -1.     ]
 [-1.96875 -1.9375  -1.875   -1.75    -1.75    -1.5     -1.       0.
  -1.       0.     ]
 [-1.9375  -1.875   -1.75    -1.5     -1.75    -1.75    -1.5     -1.
   0.      -1.     ]
 [-1.875   -1.75    -1.5     -1.      -1.5     -1.75    -1.5     -1.
  -1.      -1.5    ]
 [-1.75    -1.5     -1.       0.      -1.      -1.5     -1.       0.
  -1.      -1.5    ]]


k: 7
[[-1.984375 -1.984375 -1.984375 -1.96875  -1.9375   -1.875    -1.9375
  -1.96875  -1.984375 -1.96875 ]
 [-1.984375 -1.984375 -1.96875  -1.9375   -1.875    -1.75     -1.875
  -1.9375   -1.96875  -1.9375  ]
 [-1.984375 -1.96875  -1.9375   -1.875    -1.75     -1.5      -1.75
  -1.875    -1.9375   -1.875   ]
 [-1.96875  -1.9375   -1.875    -1.75     -1.5      -1.       -1.5
  -1.75     -1.875    -1.75    ]
 [-1.9375   -1.875    -1.75     -1.5      -1.        0.       -1.
  -1.5      -1.75     -1.5     ]
 [-1.96875  -1.9375   -1.875    -1.75     -1.5      -1.       -1.5
  -1.       -1.5      -1.      ]
 [-1.96875  -1.9375   -1.875    -1.75     -1.75     -1.5      -1.
   0.       -1.        0.      ]
 [-1.9375   -1.875    -1.75     -1.5      -1.75     -1.75     -1.5
  -1.        0.       -1.      ]
 [-1.875    -1.75     -1.5      -1.       -1.5      -1.75     -1.5
  -1.       -1.       -1.5     ]
 [-1.75     -1.5      -1.        0.       -1.       -1.5      -1.
   0.       -1.       -1.5     ]]


k: 8
[[-1.9921875 -1.9921875 -1.984375  -1.96875   -1.9375    -1.875
  -1.9375    -1.96875   -1.984375  -1.96875  ]
 [-1.9921875 -1.984375  -1.96875   -1.9375    -1.875     -1.75
  -1.875     -1.9375    -1.96875   -1.9375   ]
 [-1.984375  -1.96875   -1.9375    -1.875     -1.75      -1.5
  -1.75      -1.875     -1.9375    -1.875    ]
 [-1.96875   -1.9375    -1.875     -1.75      -1.5       -1.
  -1.5       -1.75      -1.875     -1.75     ]
 [-1.9375    -1.875     -1.75      -1.5       -1.         0.
  -1.        -1.5       -1.75      -1.5      ]
 [-1.96875   -1.9375    -1.875     -1.75      -1.5       -1.
  -1.5       -1.        -1.5       -1.       ]
 [-1.96875   -1.9375    -1.875     -1.75      -1.75      -1.5
  -1.         0.        -1.         0.       ]
 [-1.9375    -1.875     -1.75      -1.5       -1.75      -1.75
  -1.5       -1.         0.        -1.       ]
 [-1.875     -1.75      -1.5       -1.        -1.5       -1.75
  -1.5       -1.        -1.        -1.5      ]
 [-1.75      -1.5       -1.         0.        -1.        -1.5
  -1.         0.        -1.        -1.5      ]]


k: 9
[[-1.99609375 -1.9921875  -1.984375   -1.96875    -1.9375     -1.875
  -1.9375     -1.96875    -1.984375   -1.96875   ]
 [-1.9921875  -1.984375   -1.96875    -1.9375     -1.875      -1.75
  -1.875      -1.9375     -1.96875    -1.9375    ]
 [-1.984375   -1.96875    -1.9375     -1.875      -1.75       -1.5
  -1.75       -1.875      -1.9375     -1.875     ]
 [-1.96875    -1.9375     -1.875      -1.75       -1.5        -1.
  -1.5        -1.75       -1.875      -1.75      ]
 [-1.9375     -1.875      -1.75       -1.5        -1.          0.
  -1.         -1.5        -1.75       -1.5       ]
 [-1.96875    -1.9375     -1.875      -1.75       -1.5        -1.
  -1.5        -1.         -1.5        -1.        ]
 [-1.96875    -1.9375     -1.875      -1.75       -1.75       -1.5
  -1.          0.         -1.          0.        ]
 [-1.9375     -1.875      -1.75       -1.5        -1.75       -1.75
  -1.5        -1.          0.         -1.        ]
 [-1.875      -1.75       -1.5        -1.         -1.5        -1.75
  -1.5        -1.         -1.         -1.5       ]
 [-1.75       -1.5        -1.          0.         -1.         -1.5
  -1.          0.         -1.         -1.5       ]]


k: 10
[[-1.99609375 -1.9921875  -1.984375   -1.96875    -1.9375     -1.875
  -1.9375     -1.96875    -1.984375   -1.96875   ]
 [-1.9921875  -1.984375   -1.96875    -1.9375     -1.875      -1.75
  -1.875      -1.9375     -1.96875    -1.9375    ]
 [-1.984375   -1.96875    -1.9375     -1.875      -1.75       -1.5
  -1.75       -1.875      -1.9375     -1.875     ]
 [-1.96875    -1.9375     -1.875      -1.75       -1.5        -1.
  -1.5        -1.75       -1.875      -1.75      ]
 [-1.9375     -1.875      -1.75       -1.5        -1.          0.
  -1.         -1.5        -1.75       -1.5       ]
 [-1.96875    -1.9375     -1.875      -1.75       -1.5        -1.
  -1.5        -1.         -1.5        -1.        ]
 [-1.96875    -1.9375     -1.875      -1.75       -1.75       -1.5
  -1.          0.         -1.          0.        ]
 [-1.9375     -1.875      -1.75       -1.5        -1.75       -1.75
  -1.5        -1.          0.         -1.        ]
 [-1.875      -1.75       -1.5        -1.         -1.5        -1.75
  -1.5        -1.         -1.         -1.5       ]
 [-1.75       -1.5        -1.          0.         -1.         -1.5
  -1.          0.         -1.         -1.5       ]]

Converged.

[6, 3] -> [7, 3] -> [8, 3] -> [9, 3] 

k: 0
[[0. 0. 0. 0. 0. 0. 0. 0. 0. 0.]
 [0. 0. 0. 0. 0. 0. 0. 0. 0. 0.]
 [0. 0. 0. 0. 0. 0. 0. 0. 0. 0.]
 [0. 0. 0. 0. 0. 0. 0. 0. 0. 0.]
 [0. 0. 0. 0. 0. 0. 0. 0. 0. 0.]
 [0. 0. 0. 0. 0. 0. 0. 0. 0. 0.]
 [0. 0. 0. 0. 0. 0. 0. 0. 0. 0.]
 [0. 0. 0. 0. 0. 0. 0. 0. 0. 0.]
 [0. 0. 0. 0. 0. 0. 0. 0. 0. 0.]
 [0. 0. 0. 0. 0. 0. 0. 0. 0. 0.]]


k: 1
[[-1. -1. -1. -1. -1. -1. -1. -1. -1. -1.]
 [-1. -1. -1. -1. -1. -1. -1. -1. -1. -1.]
 [-1. -1. -1. -1. -1. -1. -1. -1. -1. -1.]
 [-1. -1. -1. -1. -1. -1. -1. -1. -1. -1.]
 [-1. -1. -1. -1. -1.  0. -1. -1. -1. -1.]
 [-1. -1. -1. -1. -1. -1. -1. -1. -1. -1.]
 [-1. -1. -1. -1. -1. -1. -1.  0. -1.  0.]
 [-1. -1. -1. -1. -1. -1. -1. -1.  0. -1.]
 [-1. -1. -1. -1. -1. -1. -1. -1. -1. -1.]
 [-1. -1. -1. -1. -1. -1. -1.  0. -1. -1.]]


k: 2
[[-1.5 -1.5 -1.5 -1.5 -1.5 -1.5 -1.5 -1.5 -1.5 -1.5]
 [-1.5 -1.5 -1.5 -1.5 -1.5 -1.5 -1.5 -1.5 -1.5 -1.5]
 [-1.5 -1.5 -1.5 -1.5 -1.5 -1.5 -1.5 -1.5 -1.5 -1.5]
 [-1.5 -1.5 -1.5 -1.5 -1.5 -1.  -1.5 -1.5 -1.5 -1.5]
 [-1.5 -1.5 -1.5 -1.5 -1.   0.  -1.  -1.5 -1.5 -1.5]
 [-1.5 -1.5 -1.5 -1.5 -1.5 -1.  -1.5 -1.  -1.5 -1. ]
 [-1.5 -1.5 -1.5 -1.5 -1.5 -1.5 -1.   0.  -1.   0. ]
 [-1.5 -1.5 -1.5 -1.5 -1.5 -1.5 -1.5 -1.   0.  -1. ]
 [-1.5 -1.5 -1.5 -1.5 -1.5 -1.5 -1.5 -1.  -1.  -1.5]
 [-1.5 -1.5 -1.5 -1.5 -1.5 -1.5 -1.   0.  -1.  -1.5]]


k: 3
[[-1.75 -1.75 -1.75 -1.75 -1.75 -1.75 -1.75 -1.75 -1.75 -1.75]
 [-1.75 -1.75 -1.75 -1.75 -1.75 -1.75 -1.75 -1.75 -1.75 -1.75]
 [-1.75 -1.75 -1.75 -1.75 -1.75 -1.5  -1.75 -1.75 -1.75 -1.75]
 [-1.75 -1.75 -1.75 -1.75 -1.5  -1.   -1.5  -1.75 -1.75 -1.75]
 [-1.75 -1.75 -1.75 -1.5  -1.    0.   -1.   -1.5  -1.75 -1.5 ]
 [-1.75 -1.75 -1.75 -1.75 -1.5  -1.   -1.5  -1.   -1.5  -1.  ]
 [-1.75 -1.75 -1.75 -1.75 -1.75 -1.5  -1.    0.   -1.    0.  ]
 [-1.75 -1.75 -1.75 -1.75 -1.75 -1.75 -1.5  -1.    0.   -1.  ]
 [-1.75 -1.75 -1.75 -1.75 -1.75 -1.75 -1.5  -1.   -1.   -1.5 ]
 [-1.75 -1.75 -1.75 -1.75 -1.75 -1.5  -1.    0.   -1.   -1.5 ]]


k: 4
[[-1.875 -1.875 -1.875 -1.875 -1.875 -1.875 -1.875 -1.875 -1.875 -1.875]
 [-1.875 -1.875 -1.875 -1.875 -1.875 -1.75  -1.875 -1.875 -1.875 -1.875]
 [-1.875 -1.875 -1.875 -1.875 -1.75  -1.5   -1.75  -1.875 -1.875 -1.875]
 [-1.875 -1.875 -1.875 -1.75  -1.5   -1.    -1.5   -1.75  -1.875 -1.75 ]
 [-1.875 -1.875 -1.75  -1.5   -1.     0.    -1.    -1.5   -1.75  -1.5  ]
 [-1.875 -1.875 -1.875 -1.75  -1.5   -1.    -1.5   -1.    -1.5   -1.   ]
 [-1.875 -1.875 -1.875 -1.875 -1.75  -1.5   -1.     0.    -1.     0.   ]
 [-1.875 -1.875 -1.875 -1.875 -1.875 -1.75  -1.5   -1.     0.    -1.   ]
 [-1.875 -1.875 -1.875 -1.875 -1.875 -1.75  -1.5   -1.    -1.    -1.5  ]
 [-1.875 -1.875 -1.875 -1.875 -1.75  -1.5   -1.     0.    -1.    -1.5  ]]


k: 5
[[-1.9375 -1.9375 -1.9375 -1.9375 -1.9375 -1.875  -1.9375 -1.9375 -1.9375
  -1.9375]
 [-1.9375 -1.9375 -1.9375 -1.9375 -1.875  -1.75   -1.875  -1.9375 -1.9375
  -1.9375]
 [-1.9375 -1.9375 -1.9375 -1.875  -1.75   -1.5    -1.75   -1.875  -1.9375
  -1.875 ]
 [-1.9375 -1.9375 -1.875  -1.75   -1.5    -1.     -1.5    -1.75   -1.875
  -1.75  ]
 [-1.9375 -1.875  -1.75   -1.5    -1.      0.     -1.     -1.5    -1.75
  -1.5   ]
 [-1.9375 -1.9375 -1.875  -1.75   -1.5    -1.     -1.5    -1.     -1.5
  -1.    ]
 [-1.9375 -1.9375 -1.9375 -1.875  -1.75   -1.5    -1.      0.     -1.
   0.    ]
 [-1.9375 -1.9375 -1.9375 -1.9375 -1.875  -1.75   -1.5    -1.      0.
  -1.    ]
 [-1.9375 -1.9375 -1.9375 -1.9375 -1.875  -1.75   -1.5    -1.     -1.
  -1.5   ]
 [-1.9375 -1.9375 -1.9375 -1.875  -1.75   -1.5    -1.      0.     -1.
  -1.5   ]]


k: 6
[[-1.96875 -1.96875 -1.96875 -1.96875 -1.9375  -1.875   -1.9375  -1.96875
  -1.96875 -1.96875]
 [-1.96875 -1.96875 -1.96875 -1.9375  -1.875   -1.75    -1.875   -1.9375
  -1.96875 -1.9375 ]
 [-1.96875 -1.96875 -1.9375  -1.875   -1.75    -1.5     -1.75    -1.875
  -1.9375  -1.875  ]
 [-1.96875 -1.9375  -1.875   -1.75    -1.5     -1.      -1.5     -1.75
  -1.875   -1.75   ]
 [-1.9375  -1.875   -1.75    -1.5     -1.       0.      -1.      -1.5
  -1.75    -1.5    ]
 [-1.96875 -1.9375  -1.875   -1.75    -1.5     -1.      -1.5     -1.
  -1.5     -1.     ]
 [-1.96875 -1.96875 -1.9375  -1.875   -1.75    -1.5     -1.       0.
  -1.       0.     ]
 [-1.96875 -1.96875 -1.96875 -1.9375  -1.875   -1.75    -1.5     -1.
   0.      -1.     ]
 [-1.96875 -1.96875 -1.96875 -1.9375  -1.875   -1.75    -1.5     -1.
  -1.      -1.5    ]
 [-1.96875 -1.96875 -1.9375  -1.875   -1.75    -1.5     -1.       0.
  -1.      -1.5    ]]


k: 7
[[-1.984375 -1.984375 -1.984375 -1.96875  -1.9375   -1.875    -1.9375
  -1.96875  -1.984375 -1.96875 ]
 [-1.984375 -1.984375 -1.96875  -1.9375   -1.875    -1.75     -1.875
  -1.9375   -1.96875  -1.9375  ]
 [-1.984375 -1.96875  -1.9375   -1.875    -1.75     -1.5      -1.75
  -1.875    -1.9375   -1.875   ]
 [-1.96875  -1.9375   -1.875    -1.75     -1.5      -1.       -1.5
  -1.75     -1.875    -1.75    ]
 [-1.9375   -1.875    -1.75     -1.5      -1.        0.       -1.
  -1.5      -1.75     -1.5     ]
 [-1.96875  -1.9375   -1.875    -1.75     -1.5      -1.       -1.5
  -1.       -1.5      -1.      ]
 [-1.984375 -1.96875  -1.9375   -1.875    -1.75     -1.5      -1.
   0.       -1.        0.      ]
 [-1.984375 -1.984375 -1.96875  -1.9375   -1.875    -1.75     -1.5
  -1.        0.       -1.      ]
 [-1.984375 -1.984375 -1.96875  -1.9375   -1.875    -1.75     -1.5
  -1.       -1.       -1.5     ]
 [-1.984375 -1.96875  -1.9375   -1.875    -1.75     -1.5      -1.
   0.       -1.       -1.5     ]]


k: 8
[[-1.9921875 -1.9921875 -1.984375  -1.96875   -1.9375    -1.875
  -1.9375    -1.96875   -1.984375  -1.96875  ]
 [-1.9921875 -1.984375  -1.96875   -1.9375    -1.875     -1.75
  -1.875     -1.9375    -1.96875   -1.9375   ]
 [-1.984375  -1.96875   -1.9375    -1.875     -1.75      -1.5
  -1.75      -1.875     -1.9375    -1.875    ]
 [-1.96875   -1.9375    -1.875     -1.75      -1.5       -1.
  -1.5       -1.75      -1.875     -1.75     ]
 [-1.9375    -1.875     -1.75      -1.5       -1.         0.
  -1.        -1.5       -1.75      -1.5      ]
 [-1.96875   -1.9375    -1.875     -1.75      -1.5       -1.
  -1.5       -1.        -1.5       -1.       ]
 [-1.984375  -1.96875   -1.9375    -1.875     -1.75      -1.5
  -1.         0.        -1.         0.       ]
 [-1.9921875 -1.984375  -1.96875   -1.9375    -1.875     -1.75
  -1.5       -1.         0.        -1.       ]
 [-1.9921875 -1.984375  -1.96875   -1.9375    -1.875     -1.75
  -1.5       -1.        -1.        -1.5      ]
 [-1.984375  -1.96875   -1.9375    -1.875     -1.75      -1.5
  -1.         0.        -1.        -1.5      ]]


k: 9
[[-1.99609375 -1.9921875  -1.984375   -1.96875    -1.9375     -1.875
  -1.9375     -1.96875    -1.984375   -1.96875   ]
 [-1.9921875  -1.984375   -1.96875    -1.9375     -1.875      -1.75
  -1.875      -1.9375     -1.96875    -1.9375    ]
 [-1.984375   -1.96875    -1.9375     -1.875      -1.75       -1.5
  -1.75       -1.875      -1.9375     -1.875     ]
 [-1.96875    -1.9375     -1.875      -1.75       -1.5        -1.
  -1.5        -1.75       -1.875      -1.75      ]
 [-1.9375     -1.875      -1.75       -1.5        -1.          0.
  -1.         -1.5        -1.75       -1.5       ]
 [-1.96875    -1.9375     -1.875      -1.75       -1.5        -1.
  -1.5        -1.         -1.5        -1.        ]
 [-1.984375   -1.96875    -1.9375     -1.875      -1.75       -1.5
  -1.          0.         -1.          0.        ]
 [-1.9921875  -1.984375   -1.96875    -1.9375     -1.875      -1.75
  -1.5        -1.          0.         -1.        ]
 [-1.9921875  -1.984375   -1.96875    -1.9375     -1.875      -1.75
  -1.5        -1.         -1.         -1.5       ]
 [-1.984375   -1.96875    -1.9375     -1.875      -1.75       -1.5
  -1.          0.         -1.         -1.5       ]]


k: 10
[[-1.99609375 -1.9921875  -1.984375   -1.96875    -1.9375     -1.875
  -1.9375     -1.96875    -1.984375   -1.96875   ]
 [-1.9921875  -1.984375   -1.96875    -1.9375     -1.875      -1.75
  -1.875      -1.9375     -1.96875    -1.9375    ]
 [-1.984375   -1.96875    -1.9375     -1.875      -1.75       -1.5
  -1.75       -1.875      -1.9375     -1.875     ]
 [-1.96875    -1.9375     -1.875      -1.75       -1.5        -1.
  -1.5        -1.75       -1.875      -1.75      ]
 [-1.9375     -1.875      -1.75       -1.5        -1.          0.
  -1.         -1.5        -1.75       -1.5       ]
 [-1.96875    -1.9375     -1.875      -1.75       -1.5        -1.
  -1.5        -1.         -1.5        -1.        ]
 [-1.984375   -1.96875    -1.9375     -1.875      -1.75       -1.5
  -1.          0.         -1.          0.        ]
 [-1.9921875  -1.984375   -1.96875    -1.9375     -1.875      -1.75
  -1.5        -1.          0.         -1.        ]
 [-1.9921875  -1.984375   -1.96875    -1.9375     -1.875      -1.75
  -1.5        -1.         -1.         -1.5       ]
 [-1.984375   -1.96875    -1.9375     -1.875      -1.75       -1.5
  -1.          0.         -1.         -1.5       ]]

Converged.

[9, 3] -> [9, 4] -> [9, 5] -> [9, 6] -> [9, 7] 

k: 0
[[0. 0. 0. 0. 0. 0. 0. 0. 0. 0.]
 [0. 0. 0. 0. 0. 0. 0. 0. 0. 0.]
 [0. 0. 0. 0. 0. 0. 0. 0. 0. 0.]
 [0. 0. 0. 0. 0. 0. 0. 0. 0. 0.]
 [0. 0. 0. 0. 0. 0. 0. 0. 0. 0.]
 [0. 0. 0. 0. 0. 0. 0. 0. 0. 0.]
 [0. 0. 0. 0. 0. 0. 0. 0. 0. 0.]
 [0. 0. 0. 0. 0. 0. 0. 0. 0. 0.]
 [0. 0. 0. 0. 0. 0. 0. 0. 0. 0.]
 [0. 0. 0. 0. 0. 0. 0. 0. 0. 0.]]


k: 1
[[-1. -1. -1. -1. -1. -1. -1. -1. -1. -1.]
 [-1. -1. -1. -1. -1. -1. -1. -1. -1. -1.]
 [-1. -1. -1. -1. -1. -1. -1. -1. -1. -1.]
 [-1. -1. -1. -1. -1. -1. -1. -1. -1. -1.]
 [-1. -1. -1. -1. -1.  0. -1. -1. -1. -1.]
 [-1. -1. -1. -1. -1. -1. -1. -1. -1. -1.]
 [-1. -1. -1. -1. -1. -1. -1.  0. -1.  0.]
 [-1. -1. -1. -1. -1. -1. -1. -1.  0. -1.]
 [-1. -1. -1. -1. -1. -1. -1. -1. -1. -1.]
 [-1. -1. -1. -1. -1. -1. -1. -1. -1. -1.]]


k: 2
[[-1.5 -1.5 -1.5 -1.5 -1.5 -1.5 -1.5 -1.5 -1.5 -1.5]
 [-1.5 -1.5 -1.5 -1.5 -1.5 -1.5 -1.5 -1.5 -1.5 -1.5]
 [-1.5 -1.5 -1.5 -1.5 -1.5 -1.5 -1.5 -1.5 -1.5 -1.5]
 [-1.5 -1.5 -1.5 -1.5 -1.5 -1.  -1.5 -1.5 -1.5 -1.5]
 [-1.5 -1.5 -1.5 -1.5 -1.   0.  -1.  -1.5 -1.5 -1.5]
 [-1.5 -1.5 -1.5 -1.5 -1.5 -1.  -1.5 -1.  -1.5 -1. ]
 [-1.5 -1.5 -1.5 -1.5 -1.5 -1.5 -1.   0.  -1.   0. ]
 [-1.5 -1.5 -1.5 -1.5 -1.5 -1.5 -1.5 -1.   0.  -1. ]
 [-1.5 -1.5 -1.5 -1.5 -1.5 -1.5 -1.5 -1.5 -1.  -1.5]
 [-1.5 -1.5 -1.5 -1.5 -1.5 -1.5 -1.5 -1.5 -1.5 -1.5]]


k: 3
[[-1.75 -1.75 -1.75 -1.75 -1.75 -1.75 -1.75 -1.75 -1.75 -1.75]
 [-1.75 -1.75 -1.75 -1.75 -1.75 -1.75 -1.75 -1.75 -1.75 -1.75]
 [-1.75 -1.75 -1.75 -1.75 -1.75 -1.5  -1.75 -1.75 -1.75 -1.75]
 [-1.75 -1.75 -1.75 -1.75 -1.5  -1.   -1.5  -1.75 -1.75 -1.75]
 [-1.75 -1.75 -1.75 -1.5  -1.    0.   -1.   -1.5  -1.75 -1.5 ]
 [-1.75 -1.75 -1.75 -1.75 -1.5  -1.   -1.5  -1.   -1.5  -1.  ]
 [-1.75 -1.75 -1.75 -1.75 -1.75 -1.5  -1.    0.   -1.    0.  ]
 [-1.75 -1.75 -1.75 -1.75 -1.75 -1.75 -1.5  -1.    0.   -1.  ]
 [-1.75 -1.75 -1.75 -1.75 -1.75 -1.75 -1.75 -1.5  -1.   -1.5 ]
 [-1.75 -1.75 -1.75 -1.75 -1.75 -1.75 -1.75 -1.75 -1.5  -1.75]]


k: 4
[[-1.875 -1.875 -1.875 -1.875 -1.875 -1.875 -1.875 -1.875 -1.875 -1.875]
 [-1.875 -1.875 -1.875 -1.875 -1.875 -1.75  -1.875 -1.875 -1.875 -1.875]
 [-1.875 -1.875 -1.875 -1.875 -1.75  -1.5   -1.75  -1.875 -1.875 -1.875]
 [-1.875 -1.875 -1.875 -1.75  -1.5   -1.    -1.5   -1.75  -1.875 -1.75 ]
 [-1.875 -1.875 -1.75  -1.5   -1.     0.    -1.    -1.5   -1.75  -1.5  ]
 [-1.875 -1.875 -1.875 -1.75  -1.5   -1.    -1.5   -1.    -1.5   -1.   ]
 [-1.875 -1.875 -1.875 -1.875 -1.75  -1.5   -1.     0.    -1.     0.   ]
 [-1.875 -1.875 -1.875 -1.875 -1.875 -1.75  -1.5   -1.     0.    -1.   ]
 [-1.875 -1.875 -1.875 -1.875 -1.875 -1.875 -1.75  -1.5   -1.    -1.5  ]
 [-1.875 -1.875 -1.875 -1.875 -1.875 -1.875 -1.875 -1.75  -1.5   -1.75 ]]


k: 5
[[-1.9375 -1.9375 -1.9375 -1.9375 -1.9375 -1.875  -1.9375 -1.9375 -1.9375
  -1.9375]
 [-1.9375 -1.9375 -1.9375 -1.9375 -1.875  -1.75   -1.875  -1.9375 -1.9375
  -1.9375]
 [-1.9375 -1.9375 -1.9375 -1.875  -1.75   -1.5    -1.75   -1.875  -1.9375
  -1.875 ]
 [-1.9375 -1.9375 -1.875  -1.75   -1.5    -1.     -1.5    -1.75   -1.875
  -1.75  ]
 [-1.9375 -1.875  -1.75   -1.5    -1.      0.     -1.     -1.5    -1.75
  -1.5   ]
 [-1.9375 -1.9375 -1.875  -1.75   -1.5    -1.     -1.5    -1.     -1.5
  -1.    ]
 [-1.9375 -1.9375 -1.9375 -1.875  -1.75   -1.5    -1.      0.     -1.
   0.    ]
 [-1.9375 -1.9375 -1.9375 -1.9375 -1.875  -1.75   -1.5    -1.      0.
  -1.    ]
 [-1.9375 -1.9375 -1.9375 -1.9375 -1.9375 -1.875  -1.75   -1.5    -1.
  -1.5   ]
 [-1.9375 -1.9375 -1.9375 -1.9375 -1.9375 -1.9375 -1.875  -1.75   -1.5
  -1.75  ]]


k: 6
[[-1.96875 -1.96875 -1.96875 -1.96875 -1.9375  -1.875   -1.9375  -1.96875
  -1.96875 -1.96875]
 [-1.96875 -1.96875 -1.96875 -1.9375  -1.875   -1.75    -1.875   -1.9375
  -1.96875 -1.9375 ]
 [-1.96875 -1.96875 -1.9375  -1.875   -1.75    -1.5     -1.75    -1.875
  -1.9375  -1.875  ]
 [-1.96875 -1.9375  -1.875   -1.75    -1.5     -1.      -1.5     -1.75
  -1.875   -1.75   ]
 [-1.9375  -1.875   -1.75    -1.5     -1.       0.      -1.      -1.5
  -1.75    -1.5    ]
 [-1.96875 -1.9375  -1.875   -1.75    -1.5     -1.      -1.5     -1.
  -1.5     -1.     ]
 [-1.96875 -1.96875 -1.9375  -1.875   -1.75    -1.5     -1.       0.
  -1.       0.     ]
 [-1.96875 -1.96875 -1.96875 -1.9375  -1.875   -1.75    -1.5     -1.
   0.      -1.     ]
 [-1.96875 -1.96875 -1.96875 -1.96875 -1.9375  -1.875   -1.75    -1.5
  -1.      -1.5    ]
 [-1.96875 -1.96875 -1.96875 -1.96875 -1.96875 -1.9375  -1.875   -1.75
  -1.5     -1.75   ]]


k: 7
[[-1.984375 -1.984375 -1.984375 -1.96875  -1.9375   -1.875    -1.9375
  -1.96875  -1.984375 -1.96875 ]
 [-1.984375 -1.984375 -1.96875  -1.9375   -1.875    -1.75     -1.875
  -1.9375   -1.96875  -1.9375  ]
 [-1.984375 -1.96875  -1.9375   -1.875    -1.75     -1.5      -1.75
  -1.875    -1.9375   -1.875   ]
 [-1.96875  -1.9375   -1.875    -1.75     -1.5      -1.       -1.5
  -1.75     -1.875    -1.75    ]
 [-1.9375   -1.875    -1.75     -1.5      -1.        0.       -1.
  -1.5      -1.75     -1.5     ]
 [-1.96875  -1.9375   -1.875    -1.75     -1.5      -1.       -1.5
  -1.       -1.5      -1.      ]
 [-1.984375 -1.96875  -1.9375   -1.875    -1.75     -1.5      -1.
   0.       -1.        0.      ]
 [-1.984375 -1.984375 -1.96875  -1.9375   -1.875    -1.75     -1.5
  -1.        0.       -1.      ]
 [-1.984375 -1.984375 -1.984375 -1.96875  -1.9375   -1.875    -1.75
  -1.5      -1.       -1.5     ]
 [-1.984375 -1.984375 -1.984375 -1.984375 -1.96875  -1.9375   -1.875
  -1.75     -1.5      -1.75    ]]


k: 8
[[-1.9921875 -1.9921875 -1.984375  -1.96875   -1.9375    -1.875
  -1.9375    -1.96875   -1.984375  -1.96875  ]
 [-1.9921875 -1.984375  -1.96875   -1.9375    -1.875     -1.75
  -1.875     -1.9375    -1.96875   -1.9375   ]
 [-1.984375  -1.96875   -1.9375    -1.875     -1.75      -1.5
  -1.75      -1.875     -1.9375    -1.875    ]
 [-1.96875   -1.9375    -1.875     -1.75      -1.5       -1.
  -1.5       -1.75      -1.875     -1.75     ]
 [-1.9375    -1.875     -1.75      -1.5       -1.         0.
  -1.        -1.5       -1.75      -1.5      ]
 [-1.96875   -1.9375    -1.875     -1.75      -1.5       -1.
  -1.5       -1.        -1.5       -1.       ]
 [-1.984375  -1.96875   -1.9375    -1.875     -1.75      -1.5
  -1.         0.        -1.         0.       ]
 [-1.9921875 -1.984375  -1.96875   -1.9375    -1.875     -1.75
  -1.5       -1.         0.        -1.       ]
 [-1.9921875 -1.9921875 -1.984375  -1.96875   -1.9375    -1.875
  -1.75      -1.5       -1.        -1.5      ]
 [-1.9921875 -1.9921875 -1.9921875 -1.984375  -1.96875   -1.9375
  -1.875     -1.75      -1.5       -1.75     ]]


k: 9
[[-1.99609375 -1.9921875  -1.984375   -1.96875    -1.9375     -1.875
  -1.9375     -1.96875    -1.984375   -1.96875   ]
 [-1.9921875  -1.984375   -1.96875    -1.9375     -1.875      -1.75
  -1.875      -1.9375     -1.96875    -1.9375    ]
 [-1.984375   -1.96875    -1.9375     -1.875      -1.75       -1.5
  -1.75       -1.875      -1.9375     -1.875     ]
 [-1.96875    -1.9375     -1.875      -1.75       -1.5        -1.
  -1.5        -1.75       -1.875      -1.75      ]
 [-1.9375     -1.875      -1.75       -1.5        -1.          0.
  -1.         -1.5        -1.75       -1.5       ]
 [-1.96875    -1.9375     -1.875      -1.75       -1.5        -1.
  -1.5        -1.         -1.5        -1.        ]
 [-1.984375   -1.96875    -1.9375     -1.875      -1.75       -1.5
  -1.          0.         -1.          0.        ]
 [-1.9921875  -1.984375   -1.96875    -1.9375     -1.875      -1.75
  -1.5        -1.          0.         -1.        ]
 [-1.99609375 -1.9921875  -1.984375   -1.96875    -1.9375     -1.875
  -1.75       -1.5        -1.         -1.5       ]
 [-1.99609375 -1.99609375 -1.9921875  -1.984375   -1.96875    -1.9375
  -1.875      -1.75       -1.5        -1.75      ]]


k: 10
[[-1.99609375 -1.9921875  -1.984375   -1.96875    -1.9375     -1.875
  -1.9375     -1.96875    -1.984375   -1.96875   ]
 [-1.9921875  -1.984375   -1.96875    -1.9375     -1.875      -1.75
  -1.875      -1.9375     -1.96875    -1.9375    ]
 [-1.984375   -1.96875    -1.9375     -1.875      -1.75       -1.5
  -1.75       -1.875      -1.9375     -1.875     ]
 [-1.96875    -1.9375     -1.875      -1.75       -1.5        -1.
  -1.5        -1.75       -1.875      -1.75      ]
 [-1.9375     -1.875      -1.75       -1.5        -1.          0.
  -1.         -1.5        -1.75       -1.5       ]
 [-1.96875    -1.9375     -1.875      -1.75       -1.5        -1.
  -1.5        -1.         -1.5        -1.        ]
 [-1.984375   -1.96875    -1.9375     -1.875      -1.75       -1.5
  -1.          0.         -1.          0.        ]
 [-1.9921875  -1.984375   -1.96875    -1.9375     -1.875      -1.75
  -1.5        -1.          0.         -1.        ]
 [-1.99609375 -1.9921875  -1.984375   -1.96875    -1.9375     -1.875
  -1.75       -1.5        -1.         -1.5       ]
 [-1.99804688 -1.99609375 -1.9921875  -1.984375   -1.96875    -1.9375
  -1.875      -1.75       -1.5        -1.75      ]]


k: 11
[[-1.99609375 -1.9921875  -1.984375   -1.96875    -1.9375     -1.875
  -1.9375     -1.96875    -1.984375   -1.96875   ]
 [-1.9921875  -1.984375   -1.96875    -1.9375     -1.875      -1.75
  -1.875      -1.9375     -1.96875    -1.9375    ]
 [-1.984375   -1.96875    -1.9375     -1.875      -1.75       -1.5
  -1.75       -1.875      -1.9375     -1.875     ]
 [-1.96875    -1.9375     -1.875      -1.75       -1.5        -1.
  -1.5        -1.75       -1.875      -1.75      ]
 [-1.9375     -1.875      -1.75       -1.5        -1.          0.
  -1.         -1.5        -1.75       -1.5       ]
 [-1.96875    -1.9375     -1.875      -1.75       -1.5        -1.
  -1.5        -1.         -1.5        -1.        ]
 [-1.984375   -1.96875    -1.9375     -1.875      -1.75       -1.5
  -1.          0.         -1.          0.        ]
 [-1.9921875  -1.984375   -1.96875    -1.9375     -1.875      -1.75
  -1.5        -1.          0.         -1.        ]
 [-1.99609375 -1.9921875  -1.984375   -1.96875    -1.9375     -1.875
  -1.75       -1.5        -1.         -1.5       ]
 [-1.99804688 -1.99609375 -1.9921875  -1.984375   -1.96875    -1.9375
  -1.875      -1.75       -1.5        -1.75      ]]

Converged.

[9, 7] -> [8, 7] -> [7, 7] -> [6, 7] 

k: 0
[[0. 0. 0. 0. 0. 0. 0. 0. 0. 0.]
 [0. 0. 0. 0. 0. 0. 0. 0. 0. 0.]
 [0. 0. 0. 0. 0. 0. 0. 0. 0. 0.]
 [0. 0. 0. 0. 0. 0. 0. 0. 0. 0.]
 [0. 0. 0. 0. 0. 0. 0. 0. 0. 0.]
 [0. 0. 0. 0. 0. 0. 0. 0. 0. 0.]
 [0. 0. 0. 0. 0. 0. 0. 0. 0. 0.]
 [0. 0. 0. 0. 0. 0. 0. 0. 0. 0.]
 [0. 0. 0. 0. 0. 0. 0. 0. 0. 0.]
 [0. 0. 0. 0. 0. 0. 0. 0. 0. 0.]]


k: 1
[[-1. -1. -1. -1. -1. -1. -1. -1. -1. -1.]
 [-1. -1. -1. -1. -1. -1. -1. -1. -1. -1.]
 [-1. -1. -1. -1. -1. -1. -1. -1. -1. -1.]
 [-1. -1. -1. -1. -1. -1. -1. -1. -1. -1.]
 [-1. -1. -1. -1. -1.  0. -1. -1. -1. -1.]
 [-1. -1. -1. -1. -1. -1. -1. -1. -1. -1.]
 [-1. -1. -1. -1. -1. -1. -1. -1. -1.  0.]
 [-1. -1. -1. -1. -1. -1. -1. -1.  0. -1.]
 [-1. -1. -1. -1. -1. -1. -1. -1. -1. -1.]
 [-1. -1. -1. -1. -1. -1. -1. -1. -1. -1.]]


k: 2
[[-1.5 -1.5 -1.5 -1.5 -1.5 -1.5 -1.5 -1.5 -1.5 -1.5]
 [-1.5 -1.5 -1.5 -1.5 -1.5 -1.5 -1.5 -1.5 -1.5 -1.5]
 [-1.5 -1.5 -1.5 -1.5 -1.5 -1.5 -1.5 -1.5 -1.5 -1.5]
 [-1.5 -1.5 -1.5 -1.5 -1.5 -1.  -1.5 -1.5 -1.5 -1.5]
 [-1.5 -1.5 -1.5 -1.5 -1.   0.  -1.  -1.5 -1.5 -1.5]
 [-1.5 -1.5 -1.5 -1.5 -1.5 -1.  -1.5 -1.5 -1.5 -1. ]
 [-1.5 -1.5 -1.5 -1.5 -1.5 -1.5 -1.5 -1.5 -1.   0. ]
 [-1.5 -1.5 -1.5 -1.5 -1.5 -1.5 -1.5 -1.   0.  -1. ]
 [-1.5 -1.5 -1.5 -1.5 -1.5 -1.5 -1.5 -1.5 -1.  -1.5]
 [-1.5 -1.5 -1.5 -1.5 -1.5 -1.5 -1.5 -1.5 -1.5 -1.5]]


k: 3
[[-1.75 -1.75 -1.75 -1.75 -1.75 -1.75 -1.75 -1.75 -1.75 -1.75]
 [-1.75 -1.75 -1.75 -1.75 -1.75 -1.75 -1.75 -1.75 -1.75 -1.75]
 [-1.75 -1.75 -1.75 -1.75 -1.75 -1.5  -1.75 -1.75 -1.75 -1.75]
 [-1.75 -1.75 -1.75 -1.75 -1.5  -1.   -1.5  -1.75 -1.75 -1.75]
 [-1.75 -1.75 -1.75 -1.5  -1.    0.   -1.   -1.5  -1.75 -1.5 ]
 [-1.75 -1.75 -1.75 -1.75 -1.5  -1.   -1.5  -1.75 -1.5  -1.  ]
 [-1.75 -1.75 -1.75 -1.75 -1.75 -1.5  -1.75 -1.5  -1.    0.  ]
 [-1.75 -1.75 -1.75 -1.75 -1.75 -1.75 -1.5  -1.    0.   -1.  ]
 [-1.75 -1.75 -1.75 -1.75 -1.75 -1.75 -1.75 -1.5  -1.   -1.5 ]
 [-1.75 -1.75 -1.75 -1.75 -1.75 -1.75 -1.75 -1.75 -1.5  -1.75]]


k: 4
[[-1.875 -1.875 -1.875 -1.875 -1.875 -1.875 -1.875 -1.875 -1.875 -1.875]
 [-1.875 -1.875 -1.875 -1.875 -1.875 -1.75  -1.875 -1.875 -1.875 -1.875]
 [-1.875 -1.875 -1.875 -1.875 -1.75  -1.5   -1.75  -1.875 -1.875 -1.875]
 [-1.875 -1.875 -1.875 -1.75  -1.5   -1.    -1.5   -1.75  -1.875 -1.75 ]
 [-1.875 -1.875 -1.75  -1.5   -1.     0.    -1.    -1.5   -1.75  -1.5  ]
 [-1.875 -1.875 -1.875 -1.75  -1.5   -1.    -1.5   -1.75  -1.5   -1.   ]
 [-1.875 -1.875 -1.875 -1.875 -1.75  -1.5   -1.75  -1.5   -1.     0.   ]
 [-1.875 -1.875 -1.875 -1.875 -1.875 -1.75  -1.5   -1.     0.    -1.   ]
 [-1.875 -1.875 -1.875 -1.875 -1.875 -1.875 -1.75  -1.5   -1.    -1.5  ]
 [-1.875 -1.875 -1.875 -1.875 -1.875 -1.875 -1.875 -1.75  -1.5   -1.75 ]]


k: 5
[[-1.9375 -1.9375 -1.9375 -1.9375 -1.9375 -1.875  -1.9375 -1.9375 -1.9375
  -1.9375]
 [-1.9375 -1.9375 -1.9375 -1.9375 -1.875  -1.75   -1.875  -1.9375 -1.9375
  -1.9375]
 [-1.9375 -1.9375 -1.9375 -1.875  -1.75   -1.5    -1.75   -1.875  -1.9375
  -1.875 ]
 [-1.9375 -1.9375 -1.875  -1.75   -1.5    -1.     -1.5    -1.75   -1.875
  -1.75  ]
 [-1.9375 -1.875  -1.75   -1.5    -1.      0.     -1.     -1.5    -1.75
  -1.5   ]
 [-1.9375 -1.9375 -1.875  -1.75   -1.5    -1.     -1.5    -1.75   -1.5
  -1.    ]
 [-1.9375 -1.9375 -1.9375 -1.875  -1.75   -1.5    -1.75   -1.5    -1.
   0.    ]
 [-1.9375 -1.9375 -1.9375 -1.9375 -1.875  -1.75   -1.5    -1.      0.
  -1.    ]
 [-1.9375 -1.9375 -1.9375 -1.9375 -1.9375 -1.875  -1.75   -1.5    -1.
  -1.5   ]
 [-1.9375 -1.9375 -1.9375 -1.9375 -1.9375 -1.9375 -1.875  -1.75   -1.5
  -1.75  ]]


k: 6
[[-1.96875 -1.96875 -1.96875 -1.96875 -1.9375  -1.875   -1.9375  -1.96875
  -1.96875 -1.96875]
 [-1.96875 -1.96875 -1.96875 -1.9375  -1.875   -1.75    -1.875   -1.9375
  -1.96875 -1.9375 ]
 [-1.96875 -1.96875 -1.9375  -1.875   -1.75    -1.5     -1.75    -1.875
  -1.9375  -1.875  ]
 [-1.96875 -1.9375  -1.875   -1.75    -1.5     -1.      -1.5     -1.75
  -1.875   -1.75   ]
 [-1.9375  -1.875   -1.75    -1.5     -1.       0.      -1.      -1.5
  -1.75    -1.5    ]
 [-1.96875 -1.9375  -1.875   -1.75    -1.5     -1.      -1.5     -1.75
  -1.5     -1.     ]
 [-1.96875 -1.96875 -1.9375  -1.875   -1.75    -1.5     -1.75    -1.5
  -1.       0.     ]
 [-1.96875 -1.96875 -1.96875 -1.9375  -1.875   -1.75    -1.5     -1.
   0.      -1.     ]
 [-1.96875 -1.96875 -1.96875 -1.96875 -1.9375  -1.875   -1.75    -1.5
  -1.      -1.5    ]
 [-1.96875 -1.96875 -1.96875 -1.96875 -1.96875 -1.9375  -1.875   -1.75
  -1.5     -1.75   ]]


k: 7
[[-1.984375 -1.984375 -1.984375 -1.96875  -1.9375   -1.875    -1.9375
  -1.96875  -1.984375 -1.96875 ]
 [-1.984375 -1.984375 -1.96875  -1.9375   -1.875    -1.75     -1.875
  -1.9375   -1.96875  -1.9375  ]
 [-1.984375 -1.96875  -1.9375   -1.875    -1.75     -1.5      -1.75
  -1.875    -1.9375   -1.875   ]
 [-1.96875  -1.9375   -1.875    -1.75     -1.5      -1.       -1.5
  -1.75     -1.875    -1.75    ]
 [-1.9375   -1.875    -1.75     -1.5      -1.        0.       -1.
  -1.5      -1.75     -1.5     ]
 [-1.96875  -1.9375   -1.875    -1.75     -1.5      -1.       -1.5
  -1.75     -1.5      -1.      ]
 [-1.984375 -1.96875  -1.9375   -1.875    -1.75     -1.5      -1.75
  -1.5      -1.        0.      ]
 [-1.984375 -1.984375 -1.96875  -1.9375   -1.875    -1.75     -1.5
  -1.        0.       -1.      ]
 [-1.984375 -1.984375 -1.984375 -1.96875  -1.9375   -1.875    -1.75
  -1.5      -1.       -1.5     ]
 [-1.984375 -1.984375 -1.984375 -1.984375 -1.96875  -1.9375   -1.875
  -1.75     -1.5      -1.75    ]]


k: 8
[[-1.9921875 -1.9921875 -1.984375  -1.96875   -1.9375    -1.875
  -1.9375    -1.96875   -1.984375  -1.96875  ]
 [-1.9921875 -1.984375  -1.96875   -1.9375    -1.875     -1.75
  -1.875     -1.9375    -1.96875   -1.9375   ]
 [-1.984375  -1.96875   -1.9375    -1.875     -1.75      -1.5
  -1.75      -1.875     -1.9375    -1.875    ]
 [-1.96875   -1.9375    -1.875     -1.75      -1.5       -1.
  -1.5       -1.75      -1.875     -1.75     ]
 [-1.9375    -1.875     -1.75      -1.5       -1.         0.
  -1.        -1.5       -1.75      -1.5      ]
 [-1.96875   -1.9375    -1.875     -1.75      -1.5       -1.
  -1.5       -1.75      -1.5       -1.       ]
 [-1.984375  -1.96875   -1.9375    -1.875     -1.75      -1.5
  -1.75      -1.5       -1.         0.       ]
 [-1.9921875 -1.984375  -1.96875   -1.9375    -1.875     -1.75
  -1.5       -1.         0.        -1.       ]
 [-1.9921875 -1.9921875 -1.984375  -1.96875   -1.9375    -1.875
  -1.75      -1.5       -1.        -1.5      ]
 [-1.9921875 -1.9921875 -1.9921875 -1.984375  -1.96875   -1.9375
  -1.875     -1.75      -1.5       -1.75     ]]


k: 9
[[-1.99609375 -1.9921875  -1.984375   -1.96875    -1.9375     -1.875
  -1.9375     -1.96875    -1.984375   -1.96875   ]
 [-1.9921875  -1.984375   -1.96875    -1.9375     -1.875      -1.75
  -1.875      -1.9375     -1.96875    -1.9375    ]
 [-1.984375   -1.96875    -1.9375     -1.875      -1.75       -1.5
  -1.75       -1.875      -1.9375     -1.875     ]
 [-1.96875    -1.9375     -1.875      -1.75       -1.5        -1.
  -1.5        -1.75       -1.875      -1.75      ]
 [-1.9375     -1.875      -1.75       -1.5        -1.          0.
  -1.         -1.5        -1.75       -1.5       ]
 [-1.96875    -1.9375     -1.875      -1.75       -1.5        -1.
  -1.5        -1.75       -1.5        -1.        ]
 [-1.984375   -1.96875    -1.9375     -1.875      -1.75       -1.5
  -1.75       -1.5        -1.          0.        ]
 [-1.9921875  -1.984375   -1.96875    -1.9375     -1.875      -1.75
  -1.5        -1.          0.         -1.        ]
 [-1.99609375 -1.9921875  -1.984375   -1.96875    -1.9375     -1.875
  -1.75       -1.5        -1.         -1.5       ]
 [-1.99609375 -1.99609375 -1.9921875  -1.984375   -1.96875    -1.9375
  -1.875      -1.75       -1.5        -1.75      ]]


k: 10
[[-1.99609375 -1.9921875  -1.984375   -1.96875    -1.9375     -1.875
  -1.9375     -1.96875    -1.984375   -1.96875   ]
 [-1.9921875  -1.984375   -1.96875    -1.9375     -1.875      -1.75
  -1.875      -1.9375     -1.96875    -1.9375    ]
 [-1.984375   -1.96875    -1.9375     -1.875      -1.75       -1.5
  -1.75       -1.875      -1.9375     -1.875     ]
 [-1.96875    -1.9375     -1.875      -1.75       -1.5        -1.
  -1.5        -1.75       -1.875      -1.75      ]
 [-1.9375     -1.875      -1.75       -1.5        -1.          0.
  -1.         -1.5        -1.75       -1.5       ]
 [-1.96875    -1.9375     -1.875      -1.75       -1.5        -1.
  -1.5        -1.75       -1.5        -1.        ]
 [-1.984375   -1.96875    -1.9375     -1.875      -1.75       -1.5
  -1.75       -1.5        -1.          0.        ]
 [-1.9921875  -1.984375   -1.96875    -1.9375     -1.875      -1.75
  -1.5        -1.          0.         -1.        ]
 [-1.99609375 -1.9921875  -1.984375   -1.96875    -1.9375     -1.875
  -1.75       -1.5        -1.         -1.5       ]
 [-1.99804688 -1.99609375 -1.9921875  -1.984375   -1.96875    -1.9375
  -1.875      -1.75       -1.5        -1.75      ]]


k: 11
[[-1.99609375 -1.9921875  -1.984375   -1.96875    -1.9375     -1.875
  -1.9375     -1.96875    -1.984375   -1.96875   ]
 [-1.9921875  -1.984375   -1.96875    -1.9375     -1.875      -1.75
  -1.875      -1.9375     -1.96875    -1.9375    ]
 [-1.984375   -1.96875    -1.9375     -1.875      -1.75       -1.5
  -1.75       -1.875      -1.9375     -1.875     ]
 [-1.96875    -1.9375     -1.875      -1.75       -1.5        -1.
  -1.5        -1.75       -1.875      -1.75      ]
 [-1.9375     -1.875      -1.75       -1.5        -1.          0.
  -1.         -1.5        -1.75       -1.5       ]
 [-1.96875    -1.9375     -1.875      -1.75       -1.5        -1.
  -1.5        -1.75       -1.5        -1.        ]
 [-1.984375   -1.96875    -1.9375     -1.875      -1.75       -1.5
  -1.75       -1.5        -1.          0.        ]
 [-1.9921875  -1.984375   -1.96875    -1.9375     -1.875      -1.75
  -1.5        -1.          0.         -1.        ]
 [-1.99609375 -1.9921875  -1.984375   -1.96875    -1.9375     -1.875
  -1.75       -1.5        -1.         -1.5       ]
 [-1.99804688 -1.99609375 -1.9921875  -1.984375   -1.96875    -1.9375
  -1.875      -1.75       -1.5        -1.75      ]]

Converged.

[6, 7] -> [7, 7] -> [7, 8] 

k: 0
[[0. 0. 0. 0. 0. 0. 0. 0. 0. 0.]
 [0. 0. 0. 0. 0. 0. 0. 0. 0. 0.]
 [0. 0. 0. 0. 0. 0. 0. 0. 0. 0.]
 [0. 0. 0. 0. 0. 0. 0. 0. 0. 0.]
 [0. 0. 0. 0. 0. 0. 0. 0. 0. 0.]
 [0. 0. 0. 0. 0. 0. 0. 0. 0. 0.]
 [0. 0. 0. 0. 0. 0. 0. 0. 0. 0.]
 [0. 0. 0. 0. 0. 0. 0. 0. 0. 0.]
 [0. 0. 0. 0. 0. 0. 0. 0. 0. 0.]
 [0. 0. 0. 0. 0. 0. 0. 0. 0. 0.]]


k: 1
[[-1. -1. -1. -1. -1. -1. -1. -1. -1. -1.]
 [-1. -1. -1. -1. -1. -1. -1. -1. -1. -1.]
 [-1. -1. -1. -1. -1. -1. -1. -1. -1. -1.]
 [-1. -1. -1. -1. -1. -1. -1. -1. -1. -1.]
 [-1. -1. -1. -1. -1.  0. -1. -1. -1. -1.]
 [-1. -1. -1. -1. -1. -1. -1. -1. -1. -1.]
 [-1. -1. -1. -1. -1. -1. -1. -1. -1.  0.]
 [-1. -1. -1. -1. -1. -1. -1. -1. -1. -1.]
 [-1. -1. -1. -1. -1. -1. -1. -1. -1. -1.]
 [-1. -1. -1. -1. -1. -1. -1. -1. -1. -1.]]


k: 2
[[-1.5 -1.5 -1.5 -1.5 -1.5 -1.5 -1.5 -1.5 -1.5 -1.5]
 [-1.5 -1.5 -1.5 -1.5 -1.5 -1.5 -1.5 -1.5 -1.5 -1.5]
 [-1.5 -1.5 -1.5 -1.5 -1.5 -1.5 -1.5 -1.5 -1.5 -1.5]
 [-1.5 -1.5 -1.5 -1.5 -1.5 -1.  -1.5 -1.5 -1.5 -1.5]
 [-1.5 -1.5 -1.5 -1.5 -1.   0.  -1.  -1.5 -1.5 -1.5]
 [-1.5 -1.5 -1.5 -1.5 -1.5 -1.  -1.5 -1.5 -1.5 -1. ]
 [-1.5 -1.5 -1.5 -1.5 -1.5 -1.5 -1.5 -1.5 -1.   0. ]
 [-1.5 -1.5 -1.5 -1.5 -1.5 -1.5 -1.5 -1.5 -1.5 -1. ]
 [-1.5 -1.5 -1.5 -1.5 -1.5 -1.5 -1.5 -1.5 -1.5 -1.5]
 [-1.5 -1.5 -1.5 -1.5 -1.5 -1.5 -1.5 -1.5 -1.5 -1.5]]


k: 3
[[-1.75 -1.75 -1.75 -1.75 -1.75 -1.75 -1.75 -1.75 -1.75 -1.75]
 [-1.75 -1.75 -1.75 -1.75 -1.75 -1.75 -1.75 -1.75 -1.75 -1.75]
 [-1.75 -1.75 -1.75 -1.75 -1.75 -1.5  -1.75 -1.75 -1.75 -1.75]
 [-1.75 -1.75 -1.75 -1.75 -1.5  -1.   -1.5  -1.75 -1.75 -1.75]
 [-1.75 -1.75 -1.75 -1.5  -1.    0.   -1.   -1.5  -1.75 -1.5 ]
 [-1.75 -1.75 -1.75 -1.75 -1.5  -1.   -1.5  -1.75 -1.5  -1.  ]
 [-1.75 -1.75 -1.75 -1.75 -1.75 -1.5  -1.75 -1.5  -1.    0.  ]
 [-1.75 -1.75 -1.75 -1.75 -1.75 -1.75 -1.75 -1.75 -1.5  -1.  ]
 [-1.75 -1.75 -1.75 -1.75 -1.75 -1.75 -1.75 -1.75 -1.75 -1.5 ]
 [-1.75 -1.75 -1.75 -1.75 -1.75 -1.75 -1.75 -1.75 -1.75 -1.75]]


k: 4
[[-1.875 -1.875 -1.875 -1.875 -1.875 -1.875 -1.875 -1.875 -1.875 -1.875]
 [-1.875 -1.875 -1.875 -1.875 -1.875 -1.75  -1.875 -1.875 -1.875 -1.875]
 [-1.875 -1.875 -1.875 -1.875 -1.75  -1.5   -1.75  -1.875 -1.875 -1.875]
 [-1.875 -1.875 -1.875 -1.75  -1.5   -1.    -1.5   -1.75  -1.875 -1.75 ]
 [-1.875 -1.875 -1.75  -1.5   -1.     0.    -1.    -1.5   -1.75  -1.5  ]
 [-1.875 -1.875 -1.875 -1.75  -1.5   -1.    -1.5   -1.75  -1.5   -1.   ]
 [-1.875 -1.875 -1.875 -1.875 -1.75  -1.5   -1.75  -1.5   -1.     0.   ]
 [-1.875 -1.875 -1.875 -1.875 -1.875 -1.75  -1.875 -1.75  -1.5   -1.   ]
 [-1.875 -1.875 -1.875 -1.875 -1.875 -1.875 -1.875 -1.875 -1.75  -1.5  ]
 [-1.875 -1.875 -1.875 -1.875 -1.875 -1.875 -1.875 -1.875 -1.875 -1.75 ]]


k: 5
[[-1.9375 -1.9375 -1.9375 -1.9375 -1.9375 -1.875  -1.9375 -1.9375 -1.9375
  -1.9375]
 [-1.9375 -1.9375 -1.9375 -1.9375 -1.875  -1.75   -1.875  -1.9375 -1.9375
  -1.9375]
 [-1.9375 -1.9375 -1.9375 -1.875  -1.75   -1.5    -1.75   -1.875  -1.9375
  -1.875 ]
 [-1.9375 -1.9375 -1.875  -1.75   -1.5    -1.     -1.5    -1.75   -1.875
  -1.75  ]
 [-1.9375 -1.875  -1.75   -1.5    -1.      0.     -1.     -1.5    -1.75
  -1.5   ]
 [-1.9375 -1.9375 -1.875  -1.75   -1.5    -1.     -1.5    -1.75   -1.5
  -1.    ]
 [-1.9375 -1.9375 -1.9375 -1.875  -1.75   -1.5    -1.75   -1.5    -1.
   0.    ]
 [-1.9375 -1.9375 -1.9375 -1.9375 -1.875  -1.75   -1.875  -1.75   -1.5
  -1.    ]
 [-1.9375 -1.9375 -1.9375 -1.9375 -1.9375 -1.875  -1.9375 -1.875  -1.75
  -1.5   ]
 [-1.9375 -1.9375 -1.9375 -1.9375 -1.9375 -1.9375 -1.9375 -1.9375 -1.875
  -1.75  ]]


k: 6
[[-1.96875 -1.96875 -1.96875 -1.96875 -1.9375  -1.875   -1.9375  -1.96875
  -1.96875 -1.96875]
 [-1.96875 -1.96875 -1.96875 -1.9375  -1.875   -1.75    -1.875   -1.9375
  -1.96875 -1.9375 ]
 [-1.96875 -1.96875 -1.9375  -1.875   -1.75    -1.5     -1.75    -1.875
  -1.9375  -1.875  ]
 [-1.96875 -1.9375  -1.875   -1.75    -1.5     -1.      -1.5     -1.75
  -1.875   -1.75   ]
 [-1.9375  -1.875   -1.75    -1.5     -1.       0.      -1.      -1.5
  -1.75    -1.5    ]
 [-1.96875 -1.9375  -1.875   -1.75    -1.5     -1.      -1.5     -1.75
  -1.5     -1.     ]
 [-1.96875 -1.96875 -1.9375  -1.875   -1.75    -1.5     -1.75    -1.5
  -1.       0.     ]
 [-1.96875 -1.96875 -1.96875 -1.9375  -1.875   -1.75    -1.875   -1.75
  -1.5     -1.     ]
 [-1.96875 -1.96875 -1.96875 -1.96875 -1.9375  -1.875   -1.9375  -1.875
  -1.75    -1.5    ]
 [-1.96875 -1.96875 -1.96875 -1.96875 -1.96875 -1.9375  -1.96875 -1.9375
  -1.875   -1.75   ]]


k: 7
[[-1.984375 -1.984375 -1.984375 -1.96875  -1.9375   -1.875    -1.9375
  -1.96875  -1.984375 -1.96875 ]
 [-1.984375 -1.984375 -1.96875  -1.9375   -1.875    -1.75     -1.875
  -1.9375   -1.96875  -1.9375  ]
 [-1.984375 -1.96875  -1.9375   -1.875    -1.75     -1.5      -1.75
  -1.875    -1.9375   -1.875   ]
 [-1.96875  -1.9375   -1.875    -1.75     -1.5      -1.       -1.5
  -1.75     -1.875    -1.75    ]
 [-1.9375   -1.875    -1.75     -1.5      -1.        0.       -1.
  -1.5      -1.75     -1.5     ]
 [-1.96875  -1.9375   -1.875    -1.75     -1.5      -1.       -1.5
  -1.75     -1.5      -1.      ]
 [-1.984375 -1.96875  -1.9375   -1.875    -1.75     -1.5      -1.75
  -1.5      -1.        0.      ]
 [-1.984375 -1.984375 -1.96875  -1.9375   -1.875    -1.75     -1.875
  -1.75     -1.5      -1.      ]
 [-1.984375 -1.984375 -1.984375 -1.96875  -1.9375   -1.875    -1.9375
  -1.875    -1.75     -1.5     ]
 [-1.984375 -1.984375 -1.984375 -1.984375 -1.96875  -1.9375   -1.96875
  -1.9375   -1.875    -1.75    ]]


k: 8
[[-1.9921875 -1.9921875 -1.984375  -1.96875   -1.9375    -1.875
  -1.9375    -1.96875   -1.984375  -1.96875  ]
 [-1.9921875 -1.984375  -1.96875   -1.9375    -1.875     -1.75
  -1.875     -1.9375    -1.96875   -1.9375   ]
 [-1.984375  -1.96875   -1.9375    -1.875     -1.75      -1.5
  -1.75      -1.875     -1.9375    -1.875    ]
 [-1.96875   -1.9375    -1.875     -1.75      -1.5       -1.
  -1.5       -1.75      -1.875     -1.75     ]
 [-1.9375    -1.875     -1.75      -1.5       -1.         0.
  -1.        -1.5       -1.75      -1.5      ]
 [-1.96875   -1.9375    -1.875     -1.75      -1.5       -1.
  -1.5       -1.75      -1.5       -1.       ]
 [-1.984375  -1.96875   -1.9375    -1.875     -1.75      -1.5
  -1.75      -1.5       -1.         0.       ]
 [-1.9921875 -1.984375  -1.96875   -1.9375    -1.875     -1.75
  -1.875     -1.75      -1.5       -1.       ]
 [-1.9921875 -1.9921875 -1.984375  -1.96875   -1.9375    -1.875
  -1.9375    -1.875     -1.75      -1.5      ]
 [-1.9921875 -1.9921875 -1.9921875 -1.984375  -1.96875   -1.9375
  -1.96875   -1.9375    -1.875     -1.75     ]]


k: 9
[[-1.99609375 -1.9921875  -1.984375   -1.96875    -1.9375     -1.875
  -1.9375     -1.96875    -1.984375   -1.96875   ]
 [-1.9921875  -1.984375   -1.96875    -1.9375     -1.875      -1.75
  -1.875      -1.9375     -1.96875    -1.9375    ]
 [-1.984375   -1.96875    -1.9375     -1.875      -1.75       -1.5
  -1.75       -1.875      -1.9375     -1.875     ]
 [-1.96875    -1.9375     -1.875      -1.75       -1.5        -1.
  -1.5        -1.75       -1.875      -1.75      ]
 [-1.9375     -1.875      -1.75       -1.5        -1.          0.
  -1.         -1.5        -1.75       -1.5       ]
 [-1.96875    -1.9375     -1.875      -1.75       -1.5        -1.
  -1.5        -1.75       -1.5        -1.        ]
 [-1.984375   -1.96875    -1.9375     -1.875      -1.75       -1.5
  -1.75       -1.5        -1.          0.        ]
 [-1.9921875  -1.984375   -1.96875    -1.9375     -1.875      -1.75
  -1.875      -1.75       -1.5        -1.        ]
 [-1.99609375 -1.9921875  -1.984375   -1.96875    -1.9375     -1.875
  -1.9375     -1.875      -1.75       -1.5       ]
 [-1.99609375 -1.99609375 -1.9921875  -1.984375   -1.96875    -1.9375
  -1.96875    -1.9375     -1.875      -1.75      ]]


k: 10
[[-1.99609375 -1.9921875  -1.984375   -1.96875    -1.9375     -1.875
  -1.9375     -1.96875    -1.984375   -1.96875   ]
 [-1.9921875  -1.984375   -1.96875    -1.9375     -1.875      -1.75
  -1.875      -1.9375     -1.96875    -1.9375    ]
 [-1.984375   -1.96875    -1.9375     -1.875      -1.75       -1.5
  -1.75       -1.875      -1.9375     -1.875     ]
 [-1.96875    -1.9375     -1.875      -1.75       -1.5        -1.
  -1.5        -1.75       -1.875      -1.75      ]
 [-1.9375     -1.875      -1.75       -1.5        -1.          0.
  -1.         -1.5        -1.75       -1.5       ]
 [-1.96875    -1.9375     -1.875      -1.75       -1.5        -1.
  -1.5        -1.75       -1.5        -1.        ]
 [-1.984375   -1.96875    -1.9375     -1.875      -1.75       -1.5
  -1.75       -1.5        -1.          0.        ]
 [-1.9921875  -1.984375   -1.96875    -1.9375     -1.875      -1.75
  -1.875      -1.75       -1.5        -1.        ]
 [-1.99609375 -1.9921875  -1.984375   -1.96875    -1.9375     -1.875
  -1.9375     -1.875      -1.75       -1.5       ]
 [-1.99804688 -1.99609375 -1.9921875  -1.984375   -1.96875    -1.9375
  -1.96875    -1.9375     -1.875      -1.75      ]]


k: 11
[[-1.99609375 -1.9921875  -1.984375   -1.96875    -1.9375     -1.875
  -1.9375     -1.96875    -1.984375   -1.96875   ]
 [-1.9921875  -1.984375   -1.96875    -1.9375     -1.875      -1.75
  -1.875      -1.9375     -1.96875    -1.9375    ]
 [-1.984375   -1.96875    -1.9375     -1.875      -1.75       -1.5
  -1.75       -1.875      -1.9375     -1.875     ]
 [-1.96875    -1.9375     -1.875      -1.75       -1.5        -1.
  -1.5        -1.75       -1.875      -1.75      ]
 [-1.9375     -1.875      -1.75       -1.5        -1.          0.
  -1.         -1.5        -1.75       -1.5       ]
 [-1.96875    -1.9375     -1.875      -1.75       -1.5        -1.
  -1.5        -1.75       -1.5        -1.        ]
 [-1.984375   -1.96875    -1.9375     -1.875      -1.75       -1.5
  -1.75       -1.5        -1.          0.        ]
 [-1.9921875  -1.984375   -1.96875    -1.9375     -1.875      -1.75
  -1.875      -1.75       -1.5        -1.        ]
 [-1.99609375 -1.9921875  -1.984375   -1.96875    -1.9375     -1.875
  -1.9375     -1.875      -1.75       -1.5       ]
 [-1.99804688 -1.99609375 -1.9921875  -1.984375   -1.96875    -1.9375
  -1.96875    -1.9375     -1.875      -1.75      ]]

Converged.

[7, 8] -> [6, 8] -> [6, 9] 

k: 0
[[0. 0. 0. 0. 0. 0. 0. 0. 0. 0.]
 [0. 0. 0. 0. 0. 0. 0. 0. 0. 0.]
 [0. 0. 0. 0. 0. 0. 0. 0. 0. 0.]
 [0. 0. 0. 0. 0. 0. 0. 0. 0. 0.]
 [0. 0. 0. 0. 0. 0. 0. 0. 0. 0.]
 [0. 0. 0. 0. 0. 0. 0. 0. 0. 0.]
 [0. 0. 0. 0. 0. 0. 0. 0. 0. 0.]
 [0. 0. 0. 0. 0. 0. 0. 0. 0. 0.]
 [0. 0. 0. 0. 0. 0. 0. 0. 0. 0.]
 [0. 0. 0. 0. 0. 0. 0. 0. 0. 0.]]


k: 1
[[-1. -1. -1. -1. -1. -1. -1. -1. -1. -1.]
 [-1. -1. -1. -1. -1. -1. -1. -1. -1. -1.]
 [-1. -1. -1. -1. -1. -1. -1. -1. -1. -1.]
 [-1. -1. -1. -1. -1. -1. -1. -1. -1. -1.]
 [-1. -1. -1. -1. -1.  0. -1. -1. -1. -1.]
 [-1. -1. -1. -1. -1. -1. -1. -1. -1. -1.]
 [-1. -1. -1. -1. -1. -1. -1. -1. -1. -1.]
 [-1. -1. -1. -1. -1. -1. -1. -1. -1. -1.]
 [-1. -1. -1. -1. -1. -1. -1. -1. -1. -1.]
 [-1. -1. -1. -1. -1. -1. -1. -1. -1. -1.]]


k: 2
[[-1.5 -1.5 -1.5 -1.5 -1.5 -1.5 -1.5 -1.5 -1.5 -1.5]
 [-1.5 -1.5 -1.5 -1.5 -1.5 -1.5 -1.5 -1.5 -1.5 -1.5]
 [-1.5 -1.5 -1.5 -1.5 -1.5 -1.5 -1.5 -1.5 -1.5 -1.5]
 [-1.5 -1.5 -1.5 -1.5 -1.5 -1.  -1.5 -1.5 -1.5 -1.5]
 [-1.5 -1.5 -1.5 -1.5 -1.   0.  -1.  -1.5 -1.5 -1.5]
 [-1.5 -1.5 -1.5 -1.5 -1.5 -1.  -1.5 -1.5 -1.5 -1.5]
 [-1.5 -1.5 -1.5 -1.5 -1.5 -1.5 -1.5 -1.5 -1.5 -1.5]
 [-1.5 -1.5 -1.5 -1.5 -1.5 -1.5 -1.5 -1.5 -1.5 -1.5]
 [-1.5 -1.5 -1.5 -1.5 -1.5 -1.5 -1.5 -1.5 -1.5 -1.5]
 [-1.5 -1.5 -1.5 -1.5 -1.5 -1.5 -1.5 -1.5 -1.5 -1.5]]


k: 3
[[-1.75 -1.75 -1.75 -1.75 -1.75 -1.75 -1.75 -1.75 -1.75 -1.75]
 [-1.75 -1.75 -1.75 -1.75 -1.75 -1.75 -1.75 -1.75 -1.75 -1.75]
 [-1.75 -1.75 -1.75 -1.75 -1.75 -1.5  -1.75 -1.75 -1.75 -1.75]
 [-1.75 -1.75 -1.75 -1.75 -1.5  -1.   -1.5  -1.75 -1.75 -1.75]
 [-1.75 -1.75 -1.75 -1.5  -1.    0.   -1.   -1.5  -1.75 -1.75]
 [-1.75 -1.75 -1.75 -1.75 -1.5  -1.   -1.5  -1.75 -1.75 -1.75]
 [-1.75 -1.75 -1.75 -1.75 -1.75 -1.5  -1.75 -1.75 -1.75 -1.75]
 [-1.75 -1.75 -1.75 -1.75 -1.75 -1.75 -1.75 -1.75 -1.75 -1.75]
 [-1.75 -1.75 -1.75 -1.75 -1.75 -1.75 -1.75 -1.75 -1.75 -1.75]
 [-1.75 -1.75 -1.75 -1.75 -1.75 -1.75 -1.75 -1.75 -1.75 -1.75]]


k: 4
[[-1.875 -1.875 -1.875 -1.875 -1.875 -1.875 -1.875 -1.875 -1.875 -1.875]
 [-1.875 -1.875 -1.875 -1.875 -1.875 -1.75  -1.875 -1.875 -1.875 -1.875]
 [-1.875 -1.875 -1.875 -1.875 -1.75  -1.5   -1.75  -1.875 -1.875 -1.875]
 [-1.875 -1.875 -1.875 -1.75  -1.5   -1.    -1.5   -1.75  -1.875 -1.875]
 [-1.875 -1.875 -1.75  -1.5   -1.     0.    -1.    -1.5   -1.75  -1.875]
 [-1.875 -1.875 -1.875 -1.75  -1.5   -1.    -1.5   -1.75  -1.875 -1.875]
 [-1.875 -1.875 -1.875 -1.875 -1.75  -1.5   -1.75  -1.875 -1.875 -1.875]
 [-1.875 -1.875 -1.875 -1.875 -1.875 -1.75  -1.875 -1.875 -1.875 -1.875]
 [-1.875 -1.875 -1.875 -1.875 -1.875 -1.875 -1.875 -1.875 -1.875 -1.875]
 [-1.875 -1.875 -1.875 -1.875 -1.875 -1.875 -1.875 -1.875 -1.875 -1.875]]


k: 5
[[-1.9375 -1.9375 -1.9375 -1.9375 -1.9375 -1.875  -1.9375 -1.9375 -1.9375
  -1.9375]
 [-1.9375 -1.9375 -1.9375 -1.9375 -1.875  -1.75   -1.875  -1.9375 -1.9375
  -1.9375]
 [-1.9375 -1.9375 -1.9375 -1.875  -1.75   -1.5    -1.75   -1.875  -1.9375
  -1.9375]
 [-1.9375 -1.9375 -1.875  -1.75   -1.5    -1.     -1.5    -1.75   -1.875
  -1.9375]
 [-1.9375 -1.875  -1.75   -1.5    -1.      0.     -1.     -1.5    -1.75
  -1.875 ]
 [-1.9375 -1.9375 -1.875  -1.75   -1.5    -1.     -1.5    -1.75   -1.875
  -1.9375]
 [-1.9375 -1.9375 -1.9375 -1.875  -1.75   -1.5    -1.75   -1.875  -1.9375
  -1.9375]
 [-1.9375 -1.9375 -1.9375 -1.9375 -1.875  -1.75   -1.875  -1.9375 -1.9375
  -1.9375]
 [-1.9375 -1.9375 -1.9375 -1.9375 -1.9375 -1.875  -1.9375 -1.9375 -1.9375
  -1.9375]
 [-1.9375 -1.9375 -1.9375 -1.9375 -1.9375 -1.9375 -1.9375 -1.9375 -1.9375
  -1.9375]]


k: 6
[[-1.96875 -1.96875 -1.96875 -1.96875 -1.9375  -1.875   -1.9375  -1.96875
  -1.96875 -1.96875]
 [-1.96875 -1.96875 -1.96875 -1.9375  -1.875   -1.75    -1.875   -1.9375
  -1.96875 -1.96875]
 [-1.96875 -1.96875 -1.9375  -1.875   -1.75    -1.5     -1.75    -1.875
  -1.9375  -1.96875]
 [-1.96875 -1.9375  -1.875   -1.75    -1.5     -1.      -1.5     -1.75
  -1.875   -1.9375 ]
 [-1.9375  -1.875   -1.75    -1.5     -1.       0.      -1.      -1.5
  -1.75    -1.875  ]
 [-1.96875 -1.9375  -1.875   -1.75    -1.5     -1.      -1.5     -1.75
  -1.875   -1.9375 ]
 [-1.96875 -1.96875 -1.9375  -1.875   -1.75    -1.5     -1.75    -1.875
  -1.9375  -1.96875]
 [-1.96875 -1.96875 -1.96875 -1.9375  -1.875   -1.75    -1.875   -1.9375
  -1.96875 -1.96875]
 [-1.96875 -1.96875 -1.96875 -1.96875 -1.9375  -1.875   -1.9375  -1.96875
  -1.96875 -1.96875]
 [-1.96875 -1.96875 -1.96875 -1.96875 -1.96875 -1.9375  -1.96875 -1.96875
  -1.96875 -1.96875]]


k: 7
[[-1.984375 -1.984375 -1.984375 -1.96875  -1.9375   -1.875    -1.9375
  -1.96875  -1.984375 -1.984375]
 [-1.984375 -1.984375 -1.96875  -1.9375   -1.875    -1.75     -1.875
  -1.9375   -1.96875  -1.984375]
 [-1.984375 -1.96875  -1.9375   -1.875    -1.75     -1.5      -1.75
  -1.875    -1.9375   -1.96875 ]
 [-1.96875  -1.9375   -1.875    -1.75     -1.5      -1.       -1.5
  -1.75     -1.875    -1.9375  ]
 [-1.9375   -1.875    -1.75     -1.5      -1.        0.       -1.
  -1.5      -1.75     -1.875   ]
 [-1.96875  -1.9375   -1.875    -1.75     -1.5      -1.       -1.5
  -1.75     -1.875    -1.9375  ]
 [-1.984375 -1.96875  -1.9375   -1.875    -1.75     -1.5      -1.75
  -1.875    -1.9375   -1.96875 ]
 [-1.984375 -1.984375 -1.96875  -1.9375   -1.875    -1.75     -1.875
  -1.9375   -1.96875  -1.984375]
 [-1.984375 -1.984375 -1.984375 -1.96875  -1.9375   -1.875    -1.9375
  -1.96875  -1.984375 -1.984375]
 [-1.984375 -1.984375 -1.984375 -1.984375 -1.96875  -1.9375   -1.96875
  -1.984375 -1.984375 -1.984375]]


k: 8
[[-1.9921875 -1.9921875 -1.984375  -1.96875   -1.9375    -1.875
  -1.9375    -1.96875   -1.984375  -1.9921875]
 [-1.9921875 -1.984375  -1.96875   -1.9375    -1.875     -1.75
  -1.875     -1.9375    -1.96875   -1.984375 ]
 [-1.984375  -1.96875   -1.9375    -1.875     -1.75      -1.5
  -1.75      -1.875     -1.9375    -1.96875  ]
 [-1.96875   -1.9375    -1.875     -1.75      -1.5       -1.
  -1.5       -1.75      -1.875     -1.9375   ]
 [-1.9375    -1.875     -1.75      -1.5       -1.         0.
  -1.        -1.5       -1.75      -1.875    ]
 [-1.96875   -1.9375    -1.875     -1.75      -1.5       -1.
  -1.5       -1.75      -1.875     -1.9375   ]
 [-1.984375  -1.96875   -1.9375    -1.875     -1.75      -1.5
  -1.75      -1.875     -1.9375    -1.96875  ]
 [-1.9921875 -1.984375  -1.96875   -1.9375    -1.875     -1.75
  -1.875     -1.9375    -1.96875   -1.984375 ]
 [-1.9921875 -1.9921875 -1.984375  -1.96875   -1.9375    -1.875
  -1.9375    -1.96875   -1.984375  -1.9921875]
 [-1.9921875 -1.9921875 -1.9921875 -1.984375  -1.96875   -1.9375
  -1.96875   -1.984375  -1.9921875 -1.9921875]]


k: 9
[[-1.99609375 -1.9921875  -1.984375   -1.96875    -1.9375     -1.875
  -1.9375     -1.96875    -1.984375   -1.9921875 ]
 [-1.9921875  -1.984375   -1.96875    -1.9375     -1.875      -1.75
  -1.875      -1.9375     -1.96875    -1.984375  ]
 [-1.984375   -1.96875    -1.9375     -1.875      -1.75       -1.5
  -1.75       -1.875      -1.9375     -1.96875   ]
 [-1.96875    -1.9375     -1.875      -1.75       -1.5        -1.
  -1.5        -1.75       -1.875      -1.9375    ]
 [-1.9375     -1.875      -1.75       -1.5        -1.          0.
  -1.         -1.5        -1.75       -1.875     ]
 [-1.96875    -1.9375     -1.875      -1.75       -1.5        -1.
  -1.5        -1.75       -1.875      -1.9375    ]
 [-1.984375   -1.96875    -1.9375     -1.875      -1.75       -1.5
  -1.75       -1.875      -1.9375     -1.96875   ]
 [-1.9921875  -1.984375   -1.96875    -1.9375     -1.875      -1.75
  -1.875      -1.9375     -1.96875    -1.984375  ]
 [-1.99609375 -1.9921875  -1.984375   -1.96875    -1.9375     -1.875
  -1.9375     -1.96875    -1.984375   -1.9921875 ]
 [-1.99609375 -1.99609375 -1.9921875  -1.984375   -1.96875    -1.9375
  -1.96875    -1.984375   -1.9921875  -1.99609375]]


k: 10
[[-1.99609375 -1.9921875  -1.984375   -1.96875    -1.9375     -1.875
  -1.9375     -1.96875    -1.984375   -1.9921875 ]
 [-1.9921875  -1.984375   -1.96875    -1.9375     -1.875      -1.75
  -1.875      -1.9375     -1.96875    -1.984375  ]
 [-1.984375   -1.96875    -1.9375     -1.875      -1.75       -1.5
  -1.75       -1.875      -1.9375     -1.96875   ]
 [-1.96875    -1.9375     -1.875      -1.75       -1.5        -1.
  -1.5        -1.75       -1.875      -1.9375    ]
 [-1.9375     -1.875      -1.75       -1.5        -1.          0.
  -1.         -1.5        -1.75       -1.875     ]
 [-1.96875    -1.9375     -1.875      -1.75       -1.5        -1.
  -1.5        -1.75       -1.875      -1.9375    ]
 [-1.984375   -1.96875    -1.9375     -1.875      -1.75       -1.5
  -1.75       -1.875      -1.9375     -1.96875   ]
 [-1.9921875  -1.984375   -1.96875    -1.9375     -1.875      -1.75
  -1.875      -1.9375     -1.96875    -1.984375  ]
 [-1.99609375 -1.9921875  -1.984375   -1.96875    -1.9375     -1.875
  -1.9375     -1.96875    -1.984375   -1.9921875 ]
 [-1.99804688 -1.99609375 -1.9921875  -1.984375   -1.96875    -1.9375
  -1.96875    -1.984375   -1.9921875  -1.99609375]]


k: 11
[[-1.99609375 -1.9921875  -1.984375   -1.96875    -1.9375     -1.875
  -1.9375     -1.96875    -1.984375   -1.9921875 ]
 [-1.9921875  -1.984375   -1.96875    -1.9375     -1.875      -1.75
  -1.875      -1.9375     -1.96875    -1.984375  ]
 [-1.984375   -1.96875    -1.9375     -1.875      -1.75       -1.5
  -1.75       -1.875      -1.9375     -1.96875   ]
 [-1.96875    -1.9375     -1.875      -1.75       -1.5        -1.
  -1.5        -1.75       -1.875      -1.9375    ]
 [-1.9375     -1.875      -1.75       -1.5        -1.          0.
  -1.         -1.5        -1.75       -1.875     ]
 [-1.96875    -1.9375     -1.875      -1.75       -1.5        -1.
  -1.5        -1.75       -1.875      -1.9375    ]
 [-1.984375   -1.96875    -1.9375     -1.875      -1.75       -1.5
  -1.75       -1.875      -1.9375     -1.96875   ]
 [-1.9921875  -1.984375   -1.96875    -1.9375     -1.875      -1.75
  -1.875      -1.9375     -1.96875    -1.984375  ]
 [-1.99609375 -1.9921875  -1.984375   -1.96875    -1.9375     -1.875
  -1.9375     -1.96875    -1.984375   -1.9921875 ]
 [-1.99804688 -1.99609375 -1.9921875  -1.984375   -1.96875    -1.9375
  -1.96875    -1.984375   -1.9921875  -1.99609375]]

Converged.

[6, 9] -> [5, 9] -> [4, 9] -> [4, 8] -> [4, 7] -> [4, 6] -> [4, 5] 

Final route: 
[1, 1] -> [0, 1] -> [0, 0] -> [1, 0] -> [2, 0] -> [3, 0] -> [4, 0] -> [5, 0] -> [6, 0] -> [6, 1] -> [6, 2] -> [6, 3] -> [7, 3] -> [8, 3] -> [9, 3] -> [9, 4] -> [9, 5] -> [9, 6] -> [9, 7] -> [8, 7] -> [7, 7] -> [6, 7] -> [7, 7] -> [7, 8] -> [6, 8] -> [6, 9] -> [5, 9] -> [4, 9] -> [4, 8] -> [4, 7] -> [4, 6] -> [4, 5]
